[0.024s] Invoking command in '/home/wurc/ros2_ws/build/my_package': CMAKE_PREFIX_PATH=${CMAKE_PREFIX_PATH}:/opt/ros/jazzy DEBUGINFOD_URLS=https://debuginfod.ubuntu.com /usr/bin/cmake /home/wurc/ros2_ws/src/my_package -DCMAKE_INSTALL_PREFIX=/home/wurc/ros2_ws/install/my_package
[0.283s] -- The C compiler identification is GNU 13.3.0
[0.476s] -- The CXX compiler identification is GNU 13.3.0
[0.521s] -- Detecting C compiler ABI info
[0.654s] -- Detecting C compiler ABI info - done
[0.663s] -- Check for working C compiler: /usr/bin/cc - skipped
[0.664s] -- Detecting C compile features
[0.665s] -- Detecting C compile features - done
[0.692s] -- Detecting CXX compiler ABI info
[0.820s] -- Detecting CXX compiler ABI info - done
[0.830s] -- Check for working CXX compiler: /usr/bin/c++ - skipped
[0.831s] -- Detecting CXX compile features
[0.831s] -- Detecting CXX compile features - done
[0.852s] -- Found ament_cmake: 2.5.4 (/opt/ros/jazzy/share/ament_cmake/cmake)
[1.074s] -- Found Python3: /usr/bin/python3 (found version "3.12.3") found components: Interpreter 
[1.271s] -- Found ament_lint_auto: 0.17.2 (/opt/ros/jazzy/share/ament_lint_auto/cmake)
[1.424s] -- Added test 'cppcheck' to perform static code analysis on C / C++ code
[1.424s] -- Configured cppcheck include dirs: $<BUILD_INTERFACE:/home/wurc/ros2_ws/src/my_package/include>
[1.424s] -- Configured cppcheck exclude dirs and/or files: 
[1.427s] -- Added test 'lint_cmake' to check CMake code style
[1.430s] -- Added test 'uncrustify' to check C / C++ code style
[1.430s] -- Configured uncrustify additional arguments: 
[1.432s] -- Added test 'xmllint' to check XML markup files
[1.436s] -- Configuring done (1.4s)
[1.441s] -- Generating done (0.0s)
[1.445s] -- Build files have been written to: /home/wurc/ros2_ws/build/my_package
[1.451s] Invoked command in '/home/wurc/ros2_ws/build/my_package' returned '0': CMAKE_PREFIX_PATH=${CMAKE_PREFIX_PATH}:/opt/ros/jazzy DEBUGINFOD_URLS=https://debuginfod.ubuntu.com /usr/bin/cmake /home/wurc/ros2_ws/src/my_package -DCMAKE_INSTALL_PREFIX=/home/wurc/ros2_ws/install/my_package
[1.453s] Invoking command in '/home/wurc/ros2_ws/build/my_package': CMAKE_PREFIX_PATH=${CMAKE_PREFIX_PATH}:/opt/ros/jazzy DEBUGINFOD_URLS=https://debuginfod.ubuntu.com /usr/bin/cmake --build /home/wurc/ros2_ws/build/my_package -- -j16 -l16
[1.523s] [ 50%] [32mBuilding CXX object CMakeFiles/my_node.dir/src/my_node.cpp.o[0m
[1.590s] [100%] [32m[1mLinking CXX executable my_node[0m
[1.656s] [100%] Built target my_node
[1.670s] Invoked command in '/home/wurc/ros2_ws/build/my_package' returned '0': CMAKE_PREFIX_PATH=${CMAKE_PREFIX_PATH}:/opt/ros/jazzy DEBUGINFOD_URLS=https://debuginfod.ubuntu.com /usr/bin/cmake --build /home/wurc/ros2_ws/build/my_package -- -j16 -l16
[1.682s] Invoking command in '/home/wurc/ros2_ws/build/my_package': CMAKE_PREFIX_PATH=${CMAKE_PREFIX_PATH}:/opt/ros/jazzy DEBUGINFOD_URLS=https://debuginfod.ubuntu.com /usr/bin/cmake --install /home/wurc/ros2_ws/build/my_package
[1.696s] -- Install configuration: ""
[1.697s] -- Installing: /home/wurc/ros2_ws/install/my_package/lib/my_package/my_node
[1.697s] -- Installing: /home/wurc/ros2_ws/install/my_package/share/ament_index/resource_index/package_run_dependencies/my_package
[1.697s] -- Installing: /home/wurc/ros2_ws/install/my_package/share/ament_index/resource_index/parent_prefix_path/my_package
[1.697s] -- Installing: /home/wurc/ros2_ws/install/my_package/share/my_package/environment/ament_prefix_path.sh
[1.697s] -- Installing: /home/wurc/ros2_ws/install/my_package/share/my_package/environment/ament_prefix_path.dsv
[1.697s] -- Installing: /home/wurc/ros2_ws/install/my_package/share/my_package/environment/path.sh
[1.698s] -- Installing: /home/wurc/ros2_ws/install/my_package/share/my_package/environment/path.dsv
[1.699s] -- Installing: /home/wurc/ros2_ws/install/my_package/share/my_package/local_setup.bash
[1.699s] -- Installing: /home/wurc/ros2_ws/install/my_package/share/my_package/local_setup.sh
[1.699s] -- Installing: /home/wurc/ros2_ws/install/my_package/share/my_package/local_setup.zsh
[1.699s] -- Installing: /home/wurc/ros2_ws/install/my_package/share/my_package/local_setup.dsv
[1.700s] -- Installing: /home/wurc/ros2_ws/install/my_package/share/my_package/package.dsv
[1.700s] -- Installing: /home/wurc/ros2_ws/install/my_package/share/ament_index/resource_index/packages/my_package
[1.700s] -- Installing: /home/wurc/ros2_ws/install/my_package/share/my_package/cmake/my_packageConfig.cmake
[1.700s] -- Installing: /home/wurc/ros2_ws/install/my_package/share/my_package/cmake/my_packageConfig-version.cmake
[1.700s] -- Installing: /home/wurc/ros2_ws/install/my_package/share/my_package/package.xml
[1.702s] Invoked command in '/home/wurc/ros2_ws/build/my_package' returned '0': CMAKE_PREFIX_PATH=${CMAKE_PREFIX_PATH}:/opt/ros/jazzy DEBUGINFOD_URLS=https://debuginfod.ubuntu.com /usr/bin/cmake --install /home/wurc/ros2_ws/build/my_package
