[0.022s] Invoking command in '/home/wurc/ros2_ws/build/my_package': CMAKE_PREFIX_PATH=${CMAKE_PREFIX_PATH}:/opt/ros/jazzy DEBUGINFOD_URLS=https://debuginfod.ubuntu.com /usr/bin/cmake --build /home/wurc/ros2_ws/build/my_package -- -j16 -l16
[0.084s] [100%] Built target my_node
[0.100s] Invoked command in '/home/wurc/ros2_ws/build/my_package' returned '0': CMAKE_PREFIX_PATH=${CMAKE_PREFIX_PATH}:/opt/ros/jazzy DEBUGINFOD_URLS=https://debuginfod.ubuntu.com /usr/bin/cmake --build /home/wurc/ros2_ws/build/my_package -- -j16 -l16
[0.116s] Invoking command in '/home/wurc/ros2_ws/build/my_package': CMAKE_PREFIX_PATH=${CMAKE_PREFIX_PATH}:/opt/ros/jazzy DEBUGINFOD_URLS=https://debuginfod.ubuntu.com /usr/bin/cmake --install /home/wurc/ros2_ws/build/my_package
[0.125s] -- Install configuration: ""
[0.125s] -- Up-to-date: /home/wurc/ros2_ws/install/my_package/lib/my_package/my_node
[0.126s] -- Up-to-date: /home/wurc/ros2_ws/install/my_package/share/ament_index/resource_index/package_run_dependencies/my_package
[0.126s] -- Up-to-date: /home/wurc/ros2_ws/install/my_package/share/ament_index/resource_index/parent_prefix_path/my_package
[0.126s] -- Up-to-date: /home/wurc/ros2_ws/install/my_package/share/my_package/environment/ament_prefix_path.sh
[0.126s] -- Up-to-date: /home/wurc/ros2_ws/install/my_package/share/my_package/environment/ament_prefix_path.dsv
[0.126s] -- Up-to-date: /home/wurc/ros2_ws/install/my_package/share/my_package/environment/path.sh
[0.127s] -- Up-to-date: /home/wurc/ros2_ws/install/my_package/share/my_package/environment/path.dsv
[0.127s] -- Up-to-date: /home/wurc/ros2_ws/install/my_package/share/my_package/local_setup.bash
[0.128s] -- Up-to-date: /home/wurc/ros2_ws/install/my_package/share/my_package/local_setup.sh
[0.128s] -- Up-to-date: /home/wurc/ros2_ws/install/my_package/share/my_package/local_setup.zsh
[0.128s] -- Up-to-date: /home/wurc/ros2_ws/install/my_package/share/my_package/local_setup.dsv
[0.129s] -- Up-to-date: /home/wurc/ros2_ws/install/my_package/share/my_package/package.dsv
[0.129s] -- Up-to-date: /home/wurc/ros2_ws/install/my_package/share/ament_index/resource_index/packages/my_package
[0.129s] -- Up-to-date: /home/wurc/ros2_ws/install/my_package/share/my_package/cmake/my_packageConfig.cmake
[0.129s] -- Up-to-date: /home/wurc/ros2_ws/install/my_package/share/my_package/cmake/my_packageConfig-version.cmake
[0.129s] -- Up-to-date: /home/wurc/ros2_ws/install/my_package/share/my_package/package.xml
[0.130s] Invoked command in '/home/wurc/ros2_ws/build/my_package' returned '0': CMAKE_PREFIX_PATH=${CMAKE_PREFIX_PATH}:/opt/ros/jazzy DEBUGINFOD_URLS=https://debuginfod.ubuntu.com /usr/bin/cmake --install /home/wurc/ros2_ws/build/my_package
