[0.020s] Invoking command in '/home/wurc/ros2_ws/build/turtlesim': CMAKE_PREFIX_PATH=${CMAKE_PREFIX_PATH}:/opt/ros/jazzy DEBUGINFOD_URLS=https://debuginfod.ubuntu.com /usr/bin/cmake /home/wurc/ros2_ws/src/ros_tutorials/turtlesim -DCMAKE_INSTALL_PREFIX=/home/wurc/ros2_ws/install/turtlesim
[0.186s] -- The C compiler identification is GNU 13.3.0
[0.309s] -- The CXX compiler identification is GNU 13.3.0
[0.332s] -- Detecting C compiler ABI info
[0.418s] -- Detecting C compiler ABI info - done
[0.423s] -- Check for working C compiler: /usr/bin/cc - skipped
[0.424s] -- Detecting C compile features
[0.425s] -- Detecting C compile features - done
[0.436s] -- Detecting CXX compiler ABI info
[0.519s] -- Detecting CXX compiler ABI info - done
[0.525s] -- Check for working CXX compiler: /usr/bin/c++ - skipped
[0.525s] -- Detecting CXX compile features
[0.525s] -- Detecting CXX compile features - done
[0.535s] -- Found ament_cmake: 2.5.4 (/opt/ros/jazzy/share/ament_cmake/cmake)
[0.647s] -- Found Python3: /usr/bin/python3 (found version "3.12.3") found components: Interpreter 
[0.754s] -- Found ament_index_cpp: 1.8.1 (/opt/ros/jazzy/share/ament_index_cpp/cmake)
[0.758s] -- Found geometry_msgs: 5.3.6 (/opt/ros/jazzy/share/geometry_msgs/cmake)
[0.814s] -- Found rosidl_generator_c: 4.6.5 (/opt/ros/jazzy/share/rosidl_generator_c/cmake)
[0.830s] -- Found rosidl_generator_cpp: 4.6.5 (/opt/ros/jazzy/share/rosidl_generator_cpp/cmake)
[0.855s] -- Using all available rosidl_typesupport_c: rosidl_typesupport_fastrtps_c;rosidl_typesupport_introspection_c
[0.878s] -- Using all available rosidl_typesupport_cpp: rosidl_typesupport_fastrtps_cpp;rosidl_typesupport_introspection_cpp
[0.971s] -- Found rcl_interfaces: 2.0.2 (/opt/ros/jazzy/share/rcl_interfaces/cmake)
[1.021s] -- Found rclcpp: 28.1.10 (/opt/ros/jazzy/share/rclcpp/cmake)
[1.053s] -- Found rmw_implementation_cmake: 7.3.2 (/opt/ros/jazzy/share/rmw_implementation_cmake/cmake)
[1.057s] -- Found rmw_fastrtps_cpp: 8.4.2 (/opt/ros/jazzy/share/rmw_fastrtps_cpp/cmake)
[1.150s] -- Found OpenSSL: /usr/lib/x86_64-linux-gnu/libcrypto.so (found version "3.0.13")  
[1.167s] -- Found FastRTPS: /opt/ros/jazzy/include (Required is at least version "2.13") 
[1.185s] -- Using RMW implementation 'rmw_fastrtps_cpp' as default
[1.269s] -- Found rclcpp_action: 28.1.10 (/opt/ros/jazzy/share/rclcpp_action/cmake)
[1.331s] -- Found rosidl_default_generators: 1.6.0 (/opt/ros/jazzy/share/rosidl_default_generators/cmake)
[1.347s] -- Found rosidl_adapter: 4.6.5 (/opt/ros/jazzy/share/rosidl_adapter/cmake)
[1.353s] -- Found std_srvs: 5.3.6 (/opt/ros/jazzy/share/std_srvs/cmake)
[1.856s] -- Found ament_cmake_ros: 0.12.0 (/opt/ros/jazzy/share/ament_cmake_ros/cmake)
[2.404s] -- Using all available rosidl_typesupport_c: rosidl_typesupport_fastrtps_c;rosidl_typesupport_introspection_c
[2.623s] -- Using all available rosidl_typesupport_cpp: rosidl_typesupport_fastrtps_cpp;rosidl_typesupport_introspection_cpp
[2.627s] -- Found python_cmake_module: 0.11.1 (/opt/ros/jazzy/share/python_cmake_module/cmake)
[2.732s] -- Found PythonExtra: /usr/bin/python3  
[3.145s] -- Found Python3: /usr/bin/python3 (found version "3.12.3") found components: Interpreter Development NumPy Development.Module Development.Embed 
[3.178s] -- Found ament_lint_auto: 0.17.2 (/opt/ros/jazzy/share/ament_lint_auto/cmake)
[3.213s] -- Added test 'copyright' to check source files copyright and LICENSE
[3.216s] -- Added test 'cppcheck' to perform static code analysis on C / C++ code
[3.217s] -- Configured cppcheck include dirs: /home/wurc/ros2_ws/src/ros_tutorials/turtlesim/include
[3.217s] -- Configured cppcheck exclude dirs and/or files: 
[3.219s] -- Added test 'cpplint' to check C / C++ code against the Google style
[3.219s] -- Configured cpplint exclude dirs and/or files: 
[3.220s] -- Added test 'flake8' to check Python code syntax and style conventions
[3.220s] -- Configured 'flake8' exclude dirs and/or files: 
[3.221s] -- Added test 'lint_cmake' to check CMake code style
[3.222s] -- Added test 'pep257' to check Python code against some of the docstring style conventions in PEP 257
[3.224s] -- Added test 'uncrustify' to check C / C++ code style
[3.224s] -- Configured uncrustify additional arguments: 
[3.225s] -- Added test 'xmllint' to check XML markup files
[3.228s] -- Configuring done (3.2s)
[3.286s] -- Generating done (0.0s)
[3.299s] -- Build files have been written to: /home/wurc/ros2_ws/build/turtlesim
[3.309s] Invoked command in '/home/wurc/ros2_ws/build/turtlesim' returned '0': CMAKE_PREFIX_PATH=${CMAKE_PREFIX_PATH}:/opt/ros/jazzy DEBUGINFOD_URLS=https://debuginfod.ubuntu.com /usr/bin/cmake /home/wurc/ros2_ws/src/ros_tutorials/turtlesim -DCMAKE_INSTALL_PREFIX=/home/wurc/ros2_ws/install/turtlesim
[3.310s] Invoking command in '/home/wurc/ros2_ws/build/turtlesim': CMAKE_PREFIX_PATH=${CMAKE_PREFIX_PATH}:/opt/ros/jazzy DEBUGINFOD_URLS=https://debuginfod.ubuntu.com /usr/bin/cmake --build /home/wurc/ros2_ws/build/turtlesim -- -j16 -l16
[3.357s] [  0%] [34m[1mGenerating type hashes for ROS interfaces[0m
[3.363s] [  0%] Built target ament_cmake_python_copy_turtlesim
[3.511s] running egg_info
[3.512s] creating turtlesim.egg-info
[3.525s] writing turtlesim.egg-info/PKG-INFO
[3.525s] writing dependency_links to turtlesim.egg-info/dependency_links.txt
[3.525s] writing top-level names to turtlesim.egg-info/top_level.txt
[3.525s] writing manifest file 'turtlesim.egg-info/SOURCES.txt'
[3.565s] reading manifest file 'turtlesim.egg-info/SOURCES.txt'
[3.565s] writing manifest file 'turtlesim.egg-info/SOURCES.txt'
[3.577s] [  0%] Built target turtlesim__rosidl_generator_type_description
[3.585s] [  0%] Built target ament_cmake_python_build_turtlesim_egg
[3.588s] [  1%] [34m[1mGenerating C code for ROS interfaces[0m
[3.596s] [  2%] [34m[1mGenerating C++ code for ROS interfaces[0m
[4.122s] [  2%] Built target turtlesim__cpp
[4.213s] [  4%] [32mBuilding C object CMakeFiles/turtlesim__rosidl_generator_c.dir/rosidl_generator_c/turtlesim/action/detail/rotate_absolute__description.c.o[0m
[4.213s] [  4%] [32mBuilding C object CMakeFiles/turtlesim__rosidl_generator_c.dir/rosidl_generator_c/turtlesim/msg/detail/color__description.c.o[0m
[4.214s] [  5%] [32mBuilding C object CMakeFiles/turtlesim__rosidl_generator_c.dir/rosidl_generator_c/turtlesim/msg/detail/pose__functions.c.o[0m
[4.214s] [  7%] [32mBuilding C object CMakeFiles/turtlesim__rosidl_generator_c.dir/rosidl_generator_c/turtlesim/action/detail/rotate_absolute__type_support.c.o[0m
[4.215s] [  7%] [32mBuilding C object CMakeFiles/turtlesim__rosidl_generator_c.dir/rosidl_generator_c/turtlesim/msg/detail/pose__description.c.o[0m
[4.215s] [  8%] [32mBuilding C object CMakeFiles/turtlesim__rosidl_generator_c.dir/rosidl_generator_c/turtlesim/srv/detail/kill__type_support.c.o[0m
[4.216s] [  9%] [32mBuilding C object CMakeFiles/turtlesim__rosidl_generator_c.dir/rosidl_generator_c/turtlesim/action/detail/rotate_absolute__functions.c.o[0m
[4.216s] [ 11%] [32mBuilding C object CMakeFiles/turtlesim__rosidl_generator_c.dir/rosidl_generator_c/turtlesim/srv/detail/set_pen__functions.c.o[0m
[4.216s] [ 11%] [32mBuilding C object CMakeFiles/turtlesim__rosidl_generator_c.dir/rosidl_generator_c/turtlesim/msg/detail/color__functions.c.o[0m
[4.216s] [ 11%] [32mBuilding C object CMakeFiles/turtlesim__rosidl_generator_c.dir/rosidl_generator_c/turtlesim/srv/detail/set_pen__description.c.o[0m
[4.217s] [ 11%] [32mBuilding C object CMakeFiles/turtlesim__rosidl_generator_c.dir/rosidl_generator_c/turtlesim/msg/detail/color__type_support.c.o[0m
[4.220s] [ 12%] [32mBuilding C object CMakeFiles/turtlesim__rosidl_generator_c.dir/rosidl_generator_c/turtlesim/srv/detail/kill__description.c.o[0m
[4.220s] [ 13%] [32mBuilding C object CMakeFiles/turtlesim__rosidl_generator_c.dir/rosidl_generator_c/turtlesim/srv/detail/kill__functions.c.o[0m
[4.221s] [ 14%] [32mBuilding C object CMakeFiles/turtlesim__rosidl_generator_c.dir/rosidl_generator_c/turtlesim/msg/detail/pose__type_support.c.o[0m
[4.225s] [ 15%] [32mBuilding C object CMakeFiles/turtlesim__rosidl_generator_c.dir/rosidl_generator_c/turtlesim/srv/detail/spawn__description.c.o[0m
[4.225s] [ 16%] [32mBuilding C object CMakeFiles/turtlesim__rosidl_generator_c.dir/rosidl_generator_c/turtlesim/srv/detail/set_pen__type_support.c.o[0m
[4.290s] [ 17%] [32mBuilding C object CMakeFiles/turtlesim__rosidl_generator_c.dir/rosidl_generator_c/turtlesim/srv/detail/spawn__functions.c.o[0m
[4.291s] [ 18%] [32mBuilding C object CMakeFiles/turtlesim__rosidl_generator_c.dir/rosidl_generator_c/turtlesim/srv/detail/spawn__type_support.c.o[0m
[4.302s] [ 19%] [32mBuilding C object CMakeFiles/turtlesim__rosidl_generator_c.dir/rosidl_generator_c/turtlesim/srv/detail/teleport_absolute__functions.c.o[0m
[4.304s] [ 20%] [32mBuilding C object CMakeFiles/turtlesim__rosidl_generator_c.dir/rosidl_generator_c/turtlesim/srv/detail/teleport_relative__description.c.o[0m
[4.304s] [ 21%] [32mBuilding C object CMakeFiles/turtlesim__rosidl_generator_c.dir/rosidl_generator_c/turtlesim/srv/detail/teleport_absolute__description.c.o[0m
[4.305s] [ 22%] [32mBuilding C object CMakeFiles/turtlesim__rosidl_generator_c.dir/rosidl_generator_c/turtlesim/srv/detail/teleport_relative__functions.c.o[0m
[4.306s] [ 22%] [32mBuilding C object CMakeFiles/turtlesim__rosidl_generator_c.dir/rosidl_generator_c/turtlesim/srv/detail/teleport_absolute__type_support.c.o[0m
[4.315s] [ 23%] [32mBuilding C object CMakeFiles/turtlesim__rosidl_generator_c.dir/rosidl_generator_c/turtlesim/srv/detail/teleport_relative__type_support.c.o[0m
[4.409s] [ 24%] [32m[1mLinking C shared library libturtlesim__rosidl_generator_c.so[0m
[4.453s] [ 24%] Built target turtlesim__rosidl_generator_c
[4.463s] [ 26%] [34m[1mGenerating C++ type support dispatch for ROS interfaces[0m
[4.463s] [ 26%] [34m[1mGenerating C++ type support for eProsima Fast-RTPS[0m
[4.463s] [ 27%] [34m[1mGenerating C type support dispatch for ROS interfaces[0m
[4.463s] [ 27%] [34m[1mGenerating C++ introspection for ROS interfaces[0m
[4.466s] [ 28%] [34m[1mGenerating C type support for eProsima Fast-RTPS[0m
[4.467s] [ 29%] [34m[1mGenerating C introspection for ROS interfaces[0m
[4.875s] [ 30%] [32mBuilding CXX object CMakeFiles/turtlesim__rosidl_typesupport_c.dir/rosidl_typesupport_c/turtlesim/msg/color__type_support.cpp.o[0m
[4.876s] [ 31%] [32mBuilding CXX object CMakeFiles/turtlesim__rosidl_typesupport_c.dir/rosidl_typesupport_c/turtlesim/srv/teleport_absolute__type_support.cpp.o[0m
[4.877s] [ 32%] [32mBuilding CXX object CMakeFiles/turtlesim__rosidl_typesupport_c.dir/rosidl_typesupport_c/turtlesim/msg/pose__type_support.cpp.o[0m
[4.877s] [ 33%] [32mBuilding CXX object CMakeFiles/turtlesim__rosidl_typesupport_c.dir/rosidl_typesupport_c/turtlesim/action/rotate_absolute__type_support.cpp.o[0m
[4.882s] [ 36%] [32mBuilding CXX object CMakeFiles/turtlesim__rosidl_typesupport_c.dir/rosidl_typesupport_c/turtlesim/srv/teleport_relative__type_support.cpp.o[0m
[4.882s] [ 36%] [32mBuilding CXX object CMakeFiles/turtlesim__rosidl_typesupport_c.dir/rosidl_typesupport_c/turtlesim/srv/spawn__type_support.cpp.o[0m
[4.882s] [ 34%] [32mBuilding CXX object CMakeFiles/turtlesim__rosidl_typesupport_c.dir/rosidl_typesupport_c/turtlesim/srv/kill__type_support.cpp.o[0m
[4.882s] [ 36%] [32mBuilding CXX object CMakeFiles/turtlesim__rosidl_typesupport_c.dir/rosidl_typesupport_c/turtlesim/srv/set_pen__type_support.cpp.o[0m
[4.894s] [ 37%] [32mBuilding CXX object CMakeFiles/turtlesim__rosidl_typesupport_cpp.dir/rosidl_typesupport_cpp/turtlesim/msg/color__type_support.cpp.o[0m
[4.895s] [ 38%] [32mBuilding CXX object CMakeFiles/turtlesim__rosidl_typesupport_cpp.dir/rosidl_typesupport_cpp/turtlesim/msg/pose__type_support.cpp.o[0m
[4.896s] [ 39%] [32mBuilding CXX object CMakeFiles/turtlesim__rosidl_typesupport_cpp.dir/rosidl_typesupport_cpp/turtlesim/action/rotate_absolute__type_support.cpp.o[0m
[4.899s] [ 39%] [32mBuilding CXX object CMakeFiles/turtlesim__rosidl_typesupport_cpp.dir/rosidl_typesupport_cpp/turtlesim/srv/kill__type_support.cpp.o[0m
[4.983s] [ 40%] [32mBuilding CXX object CMakeFiles/turtlesim__rosidl_typesupport_cpp.dir/rosidl_typesupport_cpp/turtlesim/srv/set_pen__type_support.cpp.o[0m
[4.988s] [ 41%] [32mBuilding CXX object CMakeFiles/turtlesim__rosidl_typesupport_cpp.dir/rosidl_typesupport_cpp/turtlesim/srv/teleport_absolute__type_support.cpp.o[0m
[4.989s] [ 42%] [32mBuilding CXX object CMakeFiles/turtlesim__rosidl_typesupport_cpp.dir/rosidl_typesupport_cpp/turtlesim/srv/teleport_relative__type_support.cpp.o[0m
[4.989s] [ 43%] [32mBuilding CXX object CMakeFiles/turtlesim__rosidl_typesupport_cpp.dir/rosidl_typesupport_cpp/turtlesim/srv/spawn__type_support.cpp.o[0m
[5.030s] [ 44%] [32m[1mLinking CXX shared library libturtlesim__rosidl_typesupport_c.so[0m
[5.116s] [ 44%] Built target turtlesim__rosidl_typesupport_c
[5.133s] [ 45%] [32mBuilding CXX object CMakeFiles/turtlesim__rosidl_typesupport_introspection_cpp.dir/rosidl_typesupport_introspection_cpp/turtlesim/msg/detail/color__type_support.cpp.o[0m
[5.133s] [ 46%] [32mBuilding CXX object CMakeFiles/turtlesim__rosidl_typesupport_introspection_cpp.dir/rosidl_typesupport_introspection_cpp/turtlesim/msg/detail/pose__type_support.cpp.o[0m
[5.138s] [ 47%] [32mBuilding CXX object CMakeFiles/turtlesim__rosidl_typesupport_introspection_cpp.dir/rosidl_typesupport_introspection_cpp/turtlesim/action/detail/rotate_absolute__type_support.cpp.o[0m
[5.157s] [ 48%] [32mBuilding CXX object CMakeFiles/turtlesim__rosidl_typesupport_introspection_cpp.dir/rosidl_typesupport_introspection_cpp/turtlesim/srv/detail/kill__type_support.cpp.o[0m
[5.157s] [ 49%] [32mBuilding CXX object CMakeFiles/turtlesim__rosidl_typesupport_introspection_cpp.dir/rosidl_typesupport_introspection_cpp/turtlesim/srv/detail/set_pen__type_support.cpp.o[0m
[5.232s] [ 50%] [32mBuilding C object CMakeFiles/turtlesim__rosidl_typesupport_introspection_c.dir/rosidl_typesupport_introspection_c/turtlesim/action/detail/rotate_absolute__type_support.c.o[0m
[5.401s] [ 51%] [32mBuilding C object CMakeFiles/turtlesim__rosidl_typesupport_introspection_c.dir/rosidl_typesupport_introspection_c/turtlesim/msg/detail/color__type_support.c.o[0m
[5.468s] [ 51%] [32mBuilding C object CMakeFiles/turtlesim__rosidl_typesupport_introspection_c.dir/rosidl_typesupport_introspection_c/turtlesim/msg/detail/pose__type_support.c.o[0m
[5.550s] [ 52%] [32mBuilding C object CMakeFiles/turtlesim__rosidl_typesupport_introspection_c.dir/rosidl_typesupport_introspection_c/turtlesim/srv/detail/kill__type_support.c.o[0m
[5.647s] [ 53%] [32mBuilding C object CMakeFiles/turtlesim__rosidl_typesupport_introspection_c.dir/rosidl_typesupport_introspection_c/turtlesim/srv/detail/set_pen__type_support.c.o[0m
[5.745s] [ 54%] [32mBuilding C object CMakeFiles/turtlesim__rosidl_typesupport_introspection_c.dir/rosidl_typesupport_introspection_c/turtlesim/srv/detail/spawn__type_support.c.o[0m
[5.778s] [ 55%] [32mBuilding CXX object CMakeFiles/turtlesim__rosidl_typesupport_introspection_cpp.dir/rosidl_typesupport_introspection_cpp/turtlesim/srv/detail/spawn__type_support.cpp.o[0m
[5.798s] [ 56%] [32mBuilding CXX object CMakeFiles/turtlesim__rosidl_typesupport_fastrtps_cpp.dir/rosidl_typesupport_fastrtps_cpp/turtlesim/action/detail/dds_fastrtps/rotate_absolute__type_support.cpp.o[0m
[5.865s] [ 56%] [32mBuilding CXX object CMakeFiles/turtlesim__rosidl_typesupport_fastrtps_c.dir/rosidl_typesupport_fastrtps_c/turtlesim/action/detail/rotate_absolute__type_support_c.cpp.o[0m
[5.876s] [ 58%] [32mBuilding C object CMakeFiles/turtlesim__rosidl_typesupport_introspection_c.dir/rosidl_typesupport_introspection_c/turtlesim/srv/detail/teleport_absolute__type_support.c.o[0m
[5.876s] [ 58%] [32mBuilding CXX object CMakeFiles/turtlesim__rosidl_typesupport_fastrtps_c.dir/rosidl_typesupport_fastrtps_c/turtlesim/msg/detail/color__type_support_c.cpp.o[0m
[5.885s] [ 59%] [32mBuilding CXX object CMakeFiles/turtlesim__rosidl_typesupport_fastrtps_cpp.dir/rosidl_typesupport_fastrtps_cpp/turtlesim/msg/detail/dds_fastrtps/color__type_support.cpp.o[0m
[5.885s] [ 59%] [32mBuilding CXX object CMakeFiles/turtlesim__rosidl_typesupport_introspection_cpp.dir/rosidl_typesupport_introspection_cpp/turtlesim/srv/detail/teleport_absolute__type_support.cpp.o[0m
[5.904s] [ 60%] [32mBuilding C object CMakeFiles/turtlesim__rosidl_typesupport_introspection_c.dir/rosidl_typesupport_introspection_c/turtlesim/srv/detail/teleport_relative__type_support.c.o[0m
[5.958s] [ 61%] [32mBuilding CXX object CMakeFiles/turtlesim__rosidl_typesupport_fastrtps_c.dir/rosidl_typesupport_fastrtps_c/turtlesim/msg/detail/pose__type_support_c.cpp.o[0m
[5.971s] [ 62%] [32mBuilding CXX object CMakeFiles/turtlesim__rosidl_typesupport_introspection_cpp.dir/rosidl_typesupport_introspection_cpp/turtlesim/srv/detail/teleport_relative__type_support.cpp.o[0m
[5.976s] [ 63%] [32mBuilding CXX object CMakeFiles/turtlesim__rosidl_typesupport_fastrtps_cpp.dir/rosidl_typesupport_fastrtps_cpp/turtlesim/msg/detail/dds_fastrtps/pose__type_support.cpp.o[0m
[5.978s] [ 64%] [32mBuilding CXX object CMakeFiles/turtlesim__rosidl_typesupport_fastrtps_cpp.dir/rosidl_typesupport_fastrtps_cpp/turtlesim/srv/detail/dds_fastrtps/kill__type_support.cpp.o[0m
[5.980s] [ 64%] [32mBuilding CXX object CMakeFiles/turtlesim__rosidl_typesupport_fastrtps_cpp.dir/rosidl_typesupport_fastrtps_cpp/turtlesim/srv/detail/dds_fastrtps/set_pen__type_support.cpp.o[0m
[5.985s] [ 65%] [32m[1mLinking C shared library libturtlesim__rosidl_typesupport_introspection_c.so[0m
[6.061s] [ 65%] Built target turtlesim__rosidl_typesupport_introspection_c
[6.065s] [ 66%] [32mBuilding CXX object CMakeFiles/turtlesim__rosidl_typesupport_fastrtps_c.dir/rosidl_typesupport_fastrtps_c/turtlesim/srv/detail/kill__type_support_c.cpp.o[0m
[6.085s] [ 67%] [32mBuilding CXX object CMakeFiles/turtlesim__rosidl_typesupport_fastrtps_cpp.dir/rosidl_typesupport_fastrtps_cpp/turtlesim/srv/detail/dds_fastrtps/spawn__type_support.cpp.o[0m
[6.132s] [ 68%] [32mBuilding CXX object CMakeFiles/turtlesim__rosidl_typesupport_fastrtps_c.dir/rosidl_typesupport_fastrtps_c/turtlesim/srv/detail/set_pen__type_support_c.cpp.o[0m
[6.418s] [ 69%] [32m[1mLinking CXX shared library libturtlesim__rosidl_typesupport_cpp.so[0m
[6.465s] [ 70%] [32mBuilding CXX object CMakeFiles/turtlesim__rosidl_typesupport_fastrtps_c.dir/rosidl_typesupport_fastrtps_c/turtlesim/srv/detail/spawn__type_support_c.cpp.o[0m
[6.501s] [ 71%] [32mBuilding CXX object CMakeFiles/turtlesim__rosidl_typesupport_fastrtps_c.dir/rosidl_typesupport_fastrtps_c/turtlesim/srv/detail/teleport_absolute__type_support_c.cpp.o[0m
[6.535s] [ 72%] [32mBuilding CXX object CMakeFiles/turtlesim__rosidl_typesupport_fastrtps_cpp.dir/rosidl_typesupport_fastrtps_cpp/turtlesim/srv/detail/dds_fastrtps/teleport_absolute__type_support.cpp.o[0m
[6.616s] [ 72%] Built target turtlesim__rosidl_typesupport_cpp
[6.633s] [ 72%] [32mBuilding CXX object CMakeFiles/turtlesim__rosidl_typesupport_fastrtps_c.dir/rosidl_typesupport_fastrtps_c/turtlesim/srv/detail/teleport_relative__type_support_c.cpp.o[0m
[6.677s] [ 73%] [34m[1mGenerating include/turtlesim/moc_turtle_frame.cpp[0m
[6.747s] [ 74%] [32m[1mLinking CXX shared library libturtlesim__rosidl_typesupport_introspection_cpp.so[0m
[6.847s] [ 75%] [32mBuilding CXX object CMakeFiles/turtlesim__rosidl_typesupport_fastrtps_cpp.dir/rosidl_typesupport_fastrtps_cpp/turtlesim/srv/detail/dds_fastrtps/teleport_relative__type_support.cpp.o[0m
[6.911s] [ 76%] [32mBuilding CXX object CMakeFiles/turtle_teleop_key.dir/tutorials/teleop_turtle_key.cpp.o[0m
[6.956s] [ 76%] [32mBuilding CXX object CMakeFiles/draw_square.dir/tutorials/draw_square.cpp.o[0m
[6.982s] [ 76%] Built target turtlesim__rosidl_typesupport_introspection_cpp
[6.995s] [ 77%] [32mBuilding CXX object CMakeFiles/mimic.dir/tutorials/mimic.cpp.o[0m
[7.009s] [ 78%] [32mBuilding CXX object CMakeFiles/turtlesim_node.dir/src/turtlesim.cpp.o[0m
[7.015s] [ 78%] [32mBuilding CXX object CMakeFiles/turtlesim_node.dir/include/turtlesim/moc_turtle_frame.cpp.o[0m
[7.015s] [ 79%] [32mBuilding CXX object CMakeFiles/turtlesim_node.dir/src/turtle.cpp.o[0m
[7.016s] [ 80%] [32mBuilding CXX object CMakeFiles/turtlesim_node.dir/src/turtle_frame.cpp.o[0m
[7.304s] [ 81%] [32m[1mLinking CXX shared library libturtlesim__rosidl_typesupport_fastrtps_c.so[0m
[7.390s] [ 81%] Built target turtlesim__rosidl_typesupport_fastrtps_c
[7.528s] [ 82%] [32m[1mLinking CXX shared library libturtlesim__rosidl_typesupport_fastrtps_cpp.so[0m
[7.653s] [ 82%] Built target turtlesim__rosidl_typesupport_fastrtps_cpp
[7.692s] [ 82%] Built target turtlesim
[7.730s] [ 82%] [34m[1mGenerating Python code for ROS interfaces[0m
[9.333s] [ 82%] Built target turtlesim__py
[9.373s] [ 85%] [32mBuilding C object CMakeFiles/turtlesim__rosidl_generator_py.dir/rosidl_generator_py/turtlesim/srv/_spawn_s.c.o[0m
[9.374s] [ 85%] [32mBuilding C object CMakeFiles/turtlesim__rosidl_generator_py.dir/rosidl_generator_py/turtlesim/srv/_set_pen_s.c.o[0m
[9.374s] [ 85%] [32mBuilding C object CMakeFiles/turtlesim__rosidl_generator_py.dir/rosidl_generator_py/turtlesim/action/_rotate_absolute_s.c.o[0m
[9.374s] [ 86%] [32mBuilding C object CMakeFiles/turtlesim__rosidl_generator_py.dir/rosidl_generator_py/turtlesim/srv/_teleport_absolute_s.c.o[0m
[9.376s] [ 87%] [32mBuilding C object CMakeFiles/turtlesim__rosidl_generator_py.dir/rosidl_generator_py/turtlesim/msg/_color_s.c.o[0m
[9.377s] [ 88%] [32mBuilding C object CMakeFiles/turtlesim__rosidl_generator_py.dir/rosidl_generator_py/turtlesim/srv/_kill_s.c.o[0m
[9.378s] [ 89%] [32mBuilding C object CMakeFiles/turtlesim__rosidl_generator_py.dir/rosidl_generator_py/turtlesim/srv/_teleport_relative_s.c.o[0m
[9.381s] [ 89%] [32mBuilding C object CMakeFiles/turtlesim__rosidl_generator_py.dir/rosidl_generator_py/turtlesim/msg/_pose_s.c.o[0m
[9.812s] [ 90%] [32m[1mLinking C shared library libturtlesim__rosidl_generator_py.so[0m
[9.889s] [ 90%] Built target turtlesim__rosidl_generator_py
[9.918s] [ 91%] [32mBuilding C object CMakeFiles/turtlesim_s__rosidl_typesupport_c.dir/rosidl_generator_py/turtlesim/_turtlesim_s.ep.rosidl_typesupport_c.c.o[0m
[9.922s] [ 92%] [32mBuilding C object CMakeFiles/turtlesim_s__rosidl_typesupport_introspection_c.dir/rosidl_generator_py/turtlesim/_turtlesim_s.ep.rosidl_typesupport_introspection_c.c.o[0m
[9.926s] [ 93%] [32mBuilding C object CMakeFiles/turtlesim_s__rosidl_typesupport_fastrtps_c.dir/rosidl_generator_py/turtlesim/_turtlesim_s.ep.rosidl_typesupport_fastrtps_c.c.o[0m
[10.188s] [ 94%] [32m[1mLinking C shared module rosidl_generator_py/turtlesim/turtlesim_s__rosidl_typesupport_fastrtps_c.so[0m
[10.197s] [ 95%] [32m[1mLinking C shared module rosidl_generator_py/turtlesim/turtlesim_s__rosidl_typesupport_c.so[0m
[10.242s] [ 95%] Built target turtlesim_s__rosidl_typesupport_fastrtps_c
[10.247s] [ 95%] Built target turtlesim_s__rosidl_typesupport_c
[10.264s] [ 96%] [32m[1mLinking C shared module rosidl_generator_py/turtlesim/turtlesim_s__rosidl_typesupport_introspection_c.so[0m
[10.329s] [ 96%] Built target turtlesim_s__rosidl_typesupport_introspection_c
[14.958s] [ 97%] [32m[1mLinking CXX executable turtle_teleop_key[0m
[15.338s] [ 97%] Built target turtle_teleop_key
[16.575s] [ 98%] [32m[1mLinking CXX executable mimic[0m
[16.823s] [ 98%] Built target mimic
[17.422s] [ 99%] [32m[1mLinking CXX executable draw_square[0m
[17.698s] [ 99%] Built target draw_square
[19.999s] [100%] [32m[1mLinking CXX executable turtlesim_node[0m
[21.574s] [100%] Built target turtlesim_node
[21.585s] Invoked command in '/home/wurc/ros2_ws/build/turtlesim' returned '0': CMAKE_PREFIX_PATH=${CMAKE_PREFIX_PATH}:/opt/ros/jazzy DEBUGINFOD_URLS=https://debuginfod.ubuntu.com /usr/bin/cmake --build /home/wurc/ros2_ws/build/turtlesim -- -j16 -l16
[21.594s] Invoking command in '/home/wurc/ros2_ws/build/turtlesim': CMAKE_PREFIX_PATH=${CMAKE_PREFIX_PATH}:/opt/ros/jazzy DEBUGINFOD_URLS=https://debuginfod.ubuntu.com /usr/bin/cmake --install /home/wurc/ros2_ws/build/turtlesim
[21.601s] -- Install configuration: ""
[21.601s] -- Installing: /home/wurc/ros2_ws/install/turtlesim/share/ament_index/resource_index/rosidl_interfaces/turtlesim
[21.602s] -- Installing: /home/wurc/ros2_ws/install/turtlesim/share/turtlesim/action/RotateAbsolute.json
[21.602s] -- Installing: /home/wurc/ros2_ws/install/turtlesim/share/turtlesim/msg/Color.json
[21.602s] -- Installing: /home/wurc/ros2_ws/install/turtlesim/share/turtlesim/msg/Pose.json
[21.602s] -- Installing: /home/wurc/ros2_ws/install/turtlesim/share/turtlesim/srv/Kill.json
[21.602s] -- Installing: /home/wurc/ros2_ws/install/turtlesim/share/turtlesim/srv/SetPen.json
[21.602s] -- Installing: /home/wurc/ros2_ws/install/turtlesim/share/turtlesim/srv/Spawn.json
[21.602s] -- Installing: /home/wurc/ros2_ws/install/turtlesim/share/turtlesim/srv/TeleportAbsolute.json
[21.602s] -- Installing: /home/wurc/ros2_ws/install/turtlesim/share/turtlesim/srv/TeleportRelative.json
[21.603s] -- Installing: /home/wurc/ros2_ws/install/turtlesim/include/turtlesim/turtlesim
[21.603s] -- Installing: /home/wurc/ros2_ws/install/turtlesim/include/turtlesim/turtlesim/msg
[21.603s] -- Installing: /home/wurc/ros2_ws/install/turtlesim/include/turtlesim/turtlesim/msg/color.h
[21.603s] -- Installing: /home/wurc/ros2_ws/install/turtlesim/include/turtlesim/turtlesim/msg/detail
[21.603s] -- Installing: /home/wurc/ros2_ws/install/turtlesim/include/turtlesim/turtlesim/msg/detail/color__description.c
[21.603s] -- Installing: /home/wurc/ros2_ws/install/turtlesim/include/turtlesim/turtlesim/msg/detail/color__type_support.c
[21.603s] -- Installing: /home/wurc/ros2_ws/install/turtlesim/include/turtlesim/turtlesim/msg/detail/pose__type_support.c
[21.603s] -- Installing: /home/wurc/ros2_ws/install/turtlesim/include/turtlesim/turtlesim/msg/detail/color__type_support.h
[21.603s] -- Installing: /home/wurc/ros2_ws/install/turtlesim/include/turtlesim/turtlesim/msg/detail/pose__functions.h
[21.603s] -- Installing: /home/wurc/ros2_ws/install/turtlesim/include/turtlesim/turtlesim/msg/detail/pose__description.c
[21.604s] -- Installing: /home/wurc/ros2_ws/install/turtlesim/include/turtlesim/turtlesim/msg/detail/color__struct.h
[21.604s] -- Installing: /home/wurc/ros2_ws/install/turtlesim/include/turtlesim/turtlesim/msg/detail/pose__struct.h
[21.604s] -- Installing: /home/wurc/ros2_ws/install/turtlesim/include/turtlesim/turtlesim/msg/detail/pose__functions.c
[21.604s] -- Installing: /home/wurc/ros2_ws/install/turtlesim/include/turtlesim/turtlesim/msg/detail/color__functions.h
[21.604s] -- Installing: /home/wurc/ros2_ws/install/turtlesim/include/turtlesim/turtlesim/msg/detail/pose__type_support.h
[21.604s] -- Installing: /home/wurc/ros2_ws/install/turtlesim/include/turtlesim/turtlesim/msg/detail/color__functions.c
[21.604s] -- Installing: /home/wurc/ros2_ws/install/turtlesim/include/turtlesim/turtlesim/msg/rosidl_generator_c__visibility_control.h
[21.604s] -- Installing: /home/wurc/ros2_ws/install/turtlesim/include/turtlesim/turtlesim/msg/pose.h
[21.604s] -- Installing: /home/wurc/ros2_ws/install/turtlesim/include/turtlesim/turtlesim/srv
[21.604s] -- Installing: /home/wurc/ros2_ws/install/turtlesim/include/turtlesim/turtlesim/srv/spawn.h
[21.605s] -- Installing: /home/wurc/ros2_ws/install/turtlesim/include/turtlesim/turtlesim/srv/teleport_relative.h
[21.605s] -- Installing: /home/wurc/ros2_ws/install/turtlesim/include/turtlesim/turtlesim/srv/set_pen.h
[21.605s] -- Installing: /home/wurc/ros2_ws/install/turtlesim/include/turtlesim/turtlesim/srv/teleport_absolute.h
[21.605s] -- Installing: /home/wurc/ros2_ws/install/turtlesim/include/turtlesim/turtlesim/srv/detail
[21.605s] -- Installing: /home/wurc/ros2_ws/install/turtlesim/include/turtlesim/turtlesim/srv/detail/kill__functions.c
[21.605s] -- Installing: /home/wurc/ros2_ws/install/turtlesim/include/turtlesim/turtlesim/srv/detail/teleport_relative__struct.h
[21.605s] -- Installing: /home/wurc/ros2_ws/install/turtlesim/include/turtlesim/turtlesim/srv/detail/spawn__type_support.h
[21.605s] -- Installing: /home/wurc/ros2_ws/install/turtlesim/include/turtlesim/turtlesim/srv/detail/set_pen__description.c
[21.605s] -- Installing: /home/wurc/ros2_ws/install/turtlesim/include/turtlesim/turtlesim/srv/detail/teleport_absolute__description.c
[21.605s] -- Installing: /home/wurc/ros2_ws/install/turtlesim/include/turtlesim/turtlesim/srv/detail/spawn__description.c
[21.606s] -- Installing: /home/wurc/ros2_ws/install/turtlesim/include/turtlesim/turtlesim/srv/detail/teleport_relative__functions.h
[21.606s] -- Installing: /home/wurc/ros2_ws/install/turtlesim/include/turtlesim/turtlesim/srv/detail/set_pen__type_support.c
[21.606s] -- Installing: /home/wurc/ros2_ws/install/turtlesim/include/turtlesim/turtlesim/srv/detail/teleport_absolute__type_support.c
[21.606s] -- Installing: /home/wurc/ros2_ws/install/turtlesim/include/turtlesim/turtlesim/srv/detail/teleport_absolute__type_support.h
[21.606s] -- Installing: /home/wurc/ros2_ws/install/turtlesim/include/turtlesim/turtlesim/srv/detail/kill__description.c
[21.606s] -- Installing: /home/wurc/ros2_ws/install/turtlesim/include/turtlesim/turtlesim/srv/detail/teleport_absolute__struct.h
[21.606s] -- Installing: /home/wurc/ros2_ws/install/turtlesim/include/turtlesim/turtlesim/srv/detail/teleport_relative__type_support.c
[21.606s] -- Installing: /home/wurc/ros2_ws/install/turtlesim/include/turtlesim/turtlesim/srv/detail/spawn__type_support.c
[21.606s] -- Installing: /home/wurc/ros2_ws/install/turtlesim/include/turtlesim/turtlesim/srv/detail/teleport_absolute__functions.c
[21.606s] -- Installing: /home/wurc/ros2_ws/install/turtlesim/include/turtlesim/turtlesim/srv/detail/teleport_relative__functions.c
[21.606s] -- Installing: /home/wurc/ros2_ws/install/turtlesim/include/turtlesim/turtlesim/srv/detail/kill__struct.h
[21.607s] -- Installing: /home/wurc/ros2_ws/install/turtlesim/include/turtlesim/turtlesim/srv/detail/set_pen__struct.h
[21.607s] -- Installing: /home/wurc/ros2_ws/install/turtlesim/include/turtlesim/turtlesim/srv/detail/kill__functions.h
[21.607s] -- Installing: /home/wurc/ros2_ws/install/turtlesim/include/turtlesim/turtlesim/srv/detail/spawn__functions.h
[21.607s] -- Installing: /home/wurc/ros2_ws/install/turtlesim/include/turtlesim/turtlesim/srv/detail/teleport_relative__description.c
[21.607s] -- Installing: /home/wurc/ros2_ws/install/turtlesim/include/turtlesim/turtlesim/srv/detail/set_pen__functions.c
[21.607s] -- Installing: /home/wurc/ros2_ws/install/turtlesim/include/turtlesim/turtlesim/srv/detail/teleport_relative__type_support.h
[21.607s] -- Installing: /home/wurc/ros2_ws/install/turtlesim/include/turtlesim/turtlesim/srv/detail/kill__type_support.h
[21.607s] -- Installing: /home/wurc/ros2_ws/install/turtlesim/include/turtlesim/turtlesim/srv/detail/spawn__functions.c
[21.607s] -- Installing: /home/wurc/ros2_ws/install/turtlesim/include/turtlesim/turtlesim/srv/detail/set_pen__functions.h
[21.607s] -- Installing: /home/wurc/ros2_ws/install/turtlesim/include/turtlesim/turtlesim/srv/detail/spawn__struct.h
[21.607s] -- Installing: /home/wurc/ros2_ws/install/turtlesim/include/turtlesim/turtlesim/srv/detail/set_pen__type_support.h
[21.608s] -- Installing: /home/wurc/ros2_ws/install/turtlesim/include/turtlesim/turtlesim/srv/detail/kill__type_support.c
[21.608s] -- Installing: /home/wurc/ros2_ws/install/turtlesim/include/turtlesim/turtlesim/srv/detail/teleport_absolute__functions.h
[21.608s] -- Installing: /home/wurc/ros2_ws/install/turtlesim/include/turtlesim/turtlesim/srv/kill.h
[21.608s] -- Installing: /home/wurc/ros2_ws/install/turtlesim/include/turtlesim/turtlesim/action
[21.608s] -- Installing: /home/wurc/ros2_ws/install/turtlesim/include/turtlesim/turtlesim/action/detail
[21.608s] -- Installing: /home/wurc/ros2_ws/install/turtlesim/include/turtlesim/turtlesim/action/detail/rotate_absolute__functions.h
[21.608s] -- Installing: /home/wurc/ros2_ws/install/turtlesim/include/turtlesim/turtlesim/action/detail/rotate_absolute__description.c
[21.608s] -- Installing: /home/wurc/ros2_ws/install/turtlesim/include/turtlesim/turtlesim/action/detail/rotate_absolute__type_support.c
[21.608s] -- Installing: /home/wurc/ros2_ws/install/turtlesim/include/turtlesim/turtlesim/action/detail/rotate_absolute__type_support.h
[21.608s] -- Installing: /home/wurc/ros2_ws/install/turtlesim/include/turtlesim/turtlesim/action/detail/rotate_absolute__functions.c
[21.609s] -- Installing: /home/wurc/ros2_ws/install/turtlesim/include/turtlesim/turtlesim/action/detail/rotate_absolute__struct.h
[21.609s] -- Installing: /home/wurc/ros2_ws/install/turtlesim/include/turtlesim/turtlesim/action/rotate_absolute.h
[21.609s] -- Installing: /home/wurc/ros2_ws/install/turtlesim/share/turtlesim/environment/library_path.sh
[21.609s] -- Installing: /home/wurc/ros2_ws/install/turtlesim/share/turtlesim/environment/library_path.dsv
[21.609s] -- Installing: /home/wurc/ros2_ws/install/turtlesim/lib/libturtlesim__rosidl_generator_c.so
[21.609s] -- Set non-toolchain portion of runtime path of "/home/wurc/ros2_ws/install/turtlesim/lib/libturtlesim__rosidl_generator_c.so" to ""
[21.609s] -- Up-to-date: /home/wurc/ros2_ws/install/turtlesim/include/turtlesim/turtlesim
[21.609s] -- Up-to-date: /home/wurc/ros2_ws/install/turtlesim/include/turtlesim/turtlesim/msg
[21.609s] -- Installing: /home/wurc/ros2_ws/install/turtlesim/include/turtlesim/turtlesim/msg/rosidl_typesupport_fastrtps_c__visibility_control.h
[21.609s] -- Up-to-date: /home/wurc/ros2_ws/install/turtlesim/include/turtlesim/turtlesim/msg/detail
[21.609s] -- Installing: /home/wurc/ros2_ws/install/turtlesim/include/turtlesim/turtlesim/msg/detail/pose__rosidl_typesupport_fastrtps_c.h
[21.609s] -- Installing: /home/wurc/ros2_ws/install/turtlesim/include/turtlesim/turtlesim/msg/detail/color__rosidl_typesupport_fastrtps_c.h
[21.609s] -- Up-to-date: /home/wurc/ros2_ws/install/turtlesim/include/turtlesim/turtlesim/srv
[21.610s] -- Up-to-date: /home/wurc/ros2_ws/install/turtlesim/include/turtlesim/turtlesim/srv/detail
[21.610s] -- Installing: /home/wurc/ros2_ws/install/turtlesim/include/turtlesim/turtlesim/srv/detail/spawn__rosidl_typesupport_fastrtps_c.h
[21.610s] -- Installing: /home/wurc/ros2_ws/install/turtlesim/include/turtlesim/turtlesim/srv/detail/teleport_absolute__rosidl_typesupport_fastrtps_c.h
[21.610s] -- Installing: /home/wurc/ros2_ws/install/turtlesim/include/turtlesim/turtlesim/srv/detail/teleport_relative__rosidl_typesupport_fastrtps_c.h
[21.610s] -- Installing: /home/wurc/ros2_ws/install/turtlesim/include/turtlesim/turtlesim/srv/detail/set_pen__rosidl_typesupport_fastrtps_c.h
[21.610s] -- Installing: /home/wurc/ros2_ws/install/turtlesim/include/turtlesim/turtlesim/srv/detail/kill__rosidl_typesupport_fastrtps_c.h
[21.610s] -- Up-to-date: /home/wurc/ros2_ws/install/turtlesim/include/turtlesim/turtlesim/action
[21.610s] -- Up-to-date: /home/wurc/ros2_ws/install/turtlesim/include/turtlesim/turtlesim/action/detail
[21.610s] -- Installing: /home/wurc/ros2_ws/install/turtlesim/include/turtlesim/turtlesim/action/detail/rotate_absolute__rosidl_typesupport_fastrtps_c.h
[21.611s] -- Installing: /home/wurc/ros2_ws/install/turtlesim/lib/libturtlesim__rosidl_typesupport_fastrtps_c.so
[21.611s] -- Set non-toolchain portion of runtime path of "/home/wurc/ros2_ws/install/turtlesim/lib/libturtlesim__rosidl_typesupport_fastrtps_c.so" to ""
[21.611s] -- Up-to-date: /home/wurc/ros2_ws/install/turtlesim/include/turtlesim/turtlesim
[21.611s] -- Up-to-date: /home/wurc/ros2_ws/install/turtlesim/include/turtlesim/turtlesim/msg
[21.611s] -- Installing: /home/wurc/ros2_ws/install/turtlesim/include/turtlesim/turtlesim/msg/rosidl_generator_cpp__visibility_control.hpp
[21.611s] -- Installing: /home/wurc/ros2_ws/install/turtlesim/include/turtlesim/turtlesim/msg/pose.hpp
[21.611s] -- Up-to-date: /home/wurc/ros2_ws/install/turtlesim/include/turtlesim/turtlesim/msg/detail
[21.611s] -- Installing: /home/wurc/ros2_ws/install/turtlesim/include/turtlesim/turtlesim/msg/detail/color__builder.hpp
[21.612s] -- Installing: /home/wurc/ros2_ws/install/turtlesim/include/turtlesim/turtlesim/msg/detail/color__traits.hpp
[21.612s] -- Installing: /home/wurc/ros2_ws/install/turtlesim/include/turtlesim/turtlesim/msg/detail/color__struct.hpp
[21.612s] -- Installing: /home/wurc/ros2_ws/install/turtlesim/include/turtlesim/turtlesim/msg/detail/color__type_support.hpp
[21.612s] -- Installing: /home/wurc/ros2_ws/install/turtlesim/include/turtlesim/turtlesim/msg/detail/pose__struct.hpp
[21.612s] -- Installing: /home/wurc/ros2_ws/install/turtlesim/include/turtlesim/turtlesim/msg/detail/pose__traits.hpp
[21.612s] -- Installing: /home/wurc/ros2_ws/install/turtlesim/include/turtlesim/turtlesim/msg/detail/pose__type_support.hpp
[21.612s] -- Installing: /home/wurc/ros2_ws/install/turtlesim/include/turtlesim/turtlesim/msg/detail/pose__builder.hpp
[21.612s] -- Installing: /home/wurc/ros2_ws/install/turtlesim/include/turtlesim/turtlesim/msg/color.hpp
[21.612s] -- Up-to-date: /home/wurc/ros2_ws/install/turtlesim/include/turtlesim/turtlesim/srv
[21.612s] -- Installing: /home/wurc/ros2_ws/install/turtlesim/include/turtlesim/turtlesim/srv/teleport_relative.hpp
[21.612s] -- Installing: /home/wurc/ros2_ws/install/turtlesim/include/turtlesim/turtlesim/srv/teleport_absolute.hpp
[21.613s] -- Installing: /home/wurc/ros2_ws/install/turtlesim/include/turtlesim/turtlesim/srv/set_pen.hpp
[21.613s] -- Installing: /home/wurc/ros2_ws/install/turtlesim/include/turtlesim/turtlesim/srv/kill.hpp
[21.613s] -- Installing: /home/wurc/ros2_ws/install/turtlesim/include/turtlesim/turtlesim/srv/spawn.hpp
[21.613s] -- Up-to-date: /home/wurc/ros2_ws/install/turtlesim/include/turtlesim/turtlesim/srv/detail
[21.613s] -- Installing: /home/wurc/ros2_ws/install/turtlesim/include/turtlesim/turtlesim/srv/detail/kill__struct.hpp
[21.613s] -- Installing: /home/wurc/ros2_ws/install/turtlesim/include/turtlesim/turtlesim/srv/detail/teleport_absolute__traits.hpp
[21.613s] -- Installing: /home/wurc/ros2_ws/install/turtlesim/include/turtlesim/turtlesim/srv/detail/teleport_absolute__struct.hpp
[21.613s] -- Installing: /home/wurc/ros2_ws/install/turtlesim/include/turtlesim/turtlesim/srv/detail/kill__builder.hpp
[21.613s] -- Installing: /home/wurc/ros2_ws/install/turtlesim/include/turtlesim/turtlesim/srv/detail/spawn__builder.hpp
[21.613s] -- Installing: /home/wurc/ros2_ws/install/turtlesim/include/turtlesim/turtlesim/srv/detail/kill__traits.hpp
[21.614s] -- Installing: /home/wurc/ros2_ws/install/turtlesim/include/turtlesim/turtlesim/srv/detail/teleport_relative__type_support.hpp
[21.614s] -- Installing: /home/wurc/ros2_ws/install/turtlesim/include/turtlesim/turtlesim/srv/detail/set_pen__struct.hpp
[21.614s] -- Installing: /home/wurc/ros2_ws/install/turtlesim/include/turtlesim/turtlesim/srv/detail/teleport_absolute__builder.hpp
[21.614s] -- Installing: /home/wurc/ros2_ws/install/turtlesim/include/turtlesim/turtlesim/srv/detail/set_pen__traits.hpp
[21.614s] -- Installing: /home/wurc/ros2_ws/install/turtlesim/include/turtlesim/turtlesim/srv/detail/spawn__type_support.hpp
[21.614s] -- Installing: /home/wurc/ros2_ws/install/turtlesim/include/turtlesim/turtlesim/srv/detail/set_pen__type_support.hpp
[21.614s] -- Installing: /home/wurc/ros2_ws/install/turtlesim/include/turtlesim/turtlesim/srv/detail/kill__type_support.hpp
[21.614s] -- Installing: /home/wurc/ros2_ws/install/turtlesim/include/turtlesim/turtlesim/srv/detail/teleport_relative__struct.hpp
[21.614s] -- Installing: /home/wurc/ros2_ws/install/turtlesim/include/turtlesim/turtlesim/srv/detail/spawn__struct.hpp
[21.614s] -- Installing: /home/wurc/ros2_ws/install/turtlesim/include/turtlesim/turtlesim/srv/detail/spawn__traits.hpp
[21.614s] -- Installing: /home/wurc/ros2_ws/install/turtlesim/include/turtlesim/turtlesim/srv/detail/teleport_relative__builder.hpp
[21.614s] -- Installing: /home/wurc/ros2_ws/install/turtlesim/include/turtlesim/turtlesim/srv/detail/teleport_relative__traits.hpp
[21.615s] -- Installing: /home/wurc/ros2_ws/install/turtlesim/include/turtlesim/turtlesim/srv/detail/set_pen__builder.hpp
[21.615s] -- Installing: /home/wurc/ros2_ws/install/turtlesim/include/turtlesim/turtlesim/srv/detail/teleport_absolute__type_support.hpp
[21.615s] -- Up-to-date: /home/wurc/ros2_ws/install/turtlesim/include/turtlesim/turtlesim/action
[21.615s] -- Up-to-date: /home/wurc/ros2_ws/install/turtlesim/include/turtlesim/turtlesim/action/detail
[21.615s] -- Installing: /home/wurc/ros2_ws/install/turtlesim/include/turtlesim/turtlesim/action/detail/rotate_absolute__builder.hpp
[21.615s] -- Installing: /home/wurc/ros2_ws/install/turtlesim/include/turtlesim/turtlesim/action/detail/rotate_absolute__struct.hpp
[21.615s] -- Installing: /home/wurc/ros2_ws/install/turtlesim/include/turtlesim/turtlesim/action/detail/rotate_absolute__traits.hpp
[21.615s] -- Installing: /home/wurc/ros2_ws/install/turtlesim/include/turtlesim/turtlesim/action/detail/rotate_absolute__type_support.hpp
[21.615s] -- Installing: /home/wurc/ros2_ws/install/turtlesim/include/turtlesim/turtlesim/action/rotate_absolute.hpp
[21.615s] -- Up-to-date: /home/wurc/ros2_ws/install/turtlesim/include/turtlesim/turtlesim
[21.616s] -- Up-to-date: /home/wurc/ros2_ws/install/turtlesim/include/turtlesim/turtlesim/msg
[21.616s] -- Installing: /home/wurc/ros2_ws/install/turtlesim/include/turtlesim/turtlesim/msg/rosidl_typesupport_fastrtps_cpp__visibility_control.h
[21.616s] -- Up-to-date: /home/wurc/ros2_ws/install/turtlesim/include/turtlesim/turtlesim/msg/detail
[21.616s] -- Installing: /home/wurc/ros2_ws/install/turtlesim/include/turtlesim/turtlesim/msg/detail/dds_fastrtps
[21.616s] -- Installing: /home/wurc/ros2_ws/install/turtlesim/include/turtlesim/turtlesim/msg/detail/pose__rosidl_typesupport_fastrtps_cpp.hpp
[21.616s] -- Installing: /home/wurc/ros2_ws/install/turtlesim/include/turtlesim/turtlesim/msg/detail/color__rosidl_typesupport_fastrtps_cpp.hpp
[21.616s] -- Up-to-date: /home/wurc/ros2_ws/install/turtlesim/include/turtlesim/turtlesim/srv
[21.616s] -- Up-to-date: /home/wurc/ros2_ws/install/turtlesim/include/turtlesim/turtlesim/srv/detail
[21.616s] -- Installing: /home/wurc/ros2_ws/install/turtlesim/include/turtlesim/turtlesim/srv/detail/dds_fastrtps
[21.616s] -- Installing: /home/wurc/ros2_ws/install/turtlesim/include/turtlesim/turtlesim/srv/detail/teleport_relative__rosidl_typesupport_fastrtps_cpp.hpp
[21.616s] -- Installing: /home/wurc/ros2_ws/install/turtlesim/include/turtlesim/turtlesim/srv/detail/spawn__rosidl_typesupport_fastrtps_cpp.hpp
[21.617s] -- Installing: /home/wurc/ros2_ws/install/turtlesim/include/turtlesim/turtlesim/srv/detail/kill__rosidl_typesupport_fastrtps_cpp.hpp
[21.617s] -- Installing: /home/wurc/ros2_ws/install/turtlesim/include/turtlesim/turtlesim/srv/detail/set_pen__rosidl_typesupport_fastrtps_cpp.hpp
[21.617s] -- Installing: /home/wurc/ros2_ws/install/turtlesim/include/turtlesim/turtlesim/srv/detail/teleport_absolute__rosidl_typesupport_fastrtps_cpp.hpp
[21.617s] -- Up-to-date: /home/wurc/ros2_ws/install/turtlesim/include/turtlesim/turtlesim/action
[21.617s] -- Up-to-date: /home/wurc/ros2_ws/install/turtlesim/include/turtlesim/turtlesim/action/detail
[21.617s] -- Installing: /home/wurc/ros2_ws/install/turtlesim/include/turtlesim/turtlesim/action/detail/dds_fastrtps
[21.617s] -- Installing: /home/wurc/ros2_ws/install/turtlesim/include/turtlesim/turtlesim/action/detail/rotate_absolute__rosidl_typesupport_fastrtps_cpp.hpp
[21.617s] -- Installing: /home/wurc/ros2_ws/install/turtlesim/lib/libturtlesim__rosidl_typesupport_fastrtps_cpp.so
[21.617s] -- Set non-toolchain portion of runtime path of "/home/wurc/ros2_ws/install/turtlesim/lib/libturtlesim__rosidl_typesupport_fastrtps_cpp.so" to ""
[21.618s] -- Up-to-date: /home/wurc/ros2_ws/install/turtlesim/include/turtlesim/turtlesim
[21.618s] -- Up-to-date: /home/wurc/ros2_ws/install/turtlesim/include/turtlesim/turtlesim/msg
[21.618s] -- Installing: /home/wurc/ros2_ws/install/turtlesim/include/turtlesim/turtlesim/msg/rosidl_typesupport_introspection_c__visibility_control.h
[21.618s] -- Up-to-date: /home/wurc/ros2_ws/install/turtlesim/include/turtlesim/turtlesim/msg/detail
[21.618s] -- Installing: /home/wurc/ros2_ws/install/turtlesim/include/turtlesim/turtlesim/msg/detail/color__type_support.c
[21.618s] -- Installing: /home/wurc/ros2_ws/install/turtlesim/include/turtlesim/turtlesim/msg/detail/pose__type_support.c
[21.618s] -- Installing: /home/wurc/ros2_ws/install/turtlesim/include/turtlesim/turtlesim/msg/detail/color__rosidl_typesupport_introspection_c.h
[21.618s] -- Installing: /home/wurc/ros2_ws/install/turtlesim/include/turtlesim/turtlesim/msg/detail/pose__rosidl_typesupport_introspection_c.h
[21.618s] -- Up-to-date: /home/wurc/ros2_ws/install/turtlesim/include/turtlesim/turtlesim/srv
[21.618s] -- Up-to-date: /home/wurc/ros2_ws/install/turtlesim/include/turtlesim/turtlesim/srv/detail
[21.618s] -- Installing: /home/wurc/ros2_ws/install/turtlesim/include/turtlesim/turtlesim/srv/detail/spawn__rosidl_typesupport_introspection_c.h
[21.619s] -- Installing: /home/wurc/ros2_ws/install/turtlesim/include/turtlesim/turtlesim/srv/detail/set_pen__type_support.c
[21.619s] -- Installing: /home/wurc/ros2_ws/install/turtlesim/include/turtlesim/turtlesim/srv/detail/teleport_absolute__type_support.c
[21.619s] -- Installing: /home/wurc/ros2_ws/install/turtlesim/include/turtlesim/turtlesim/srv/detail/teleport_relative__type_support.c
[21.619s] -- Installing: /home/wurc/ros2_ws/install/turtlesim/include/turtlesim/turtlesim/srv/detail/teleport_absolute__rosidl_typesupport_introspection_c.h
[21.619s] -- Installing: /home/wurc/ros2_ws/install/turtlesim/include/turtlesim/turtlesim/srv/detail/set_pen__rosidl_typesupport_introspection_c.h
[21.619s] -- Installing: /home/wurc/ros2_ws/install/turtlesim/include/turtlesim/turtlesim/srv/detail/kill__rosidl_typesupport_introspection_c.h
[21.619s] -- Installing: /home/wurc/ros2_ws/install/turtlesim/include/turtlesim/turtlesim/srv/detail/spawn__type_support.c
[21.619s] -- Installing: /home/wurc/ros2_ws/install/turtlesim/include/turtlesim/turtlesim/srv/detail/teleport_relative__rosidl_typesupport_introspection_c.h
[21.619s] -- Installing: /home/wurc/ros2_ws/install/turtlesim/include/turtlesim/turtlesim/srv/detail/kill__type_support.c
[21.619s] -- Up-to-date: /home/wurc/ros2_ws/install/turtlesim/include/turtlesim/turtlesim/action
[21.619s] -- Up-to-date: /home/wurc/ros2_ws/install/turtlesim/include/turtlesim/turtlesim/action/detail
[21.619s] -- Installing: /home/wurc/ros2_ws/install/turtlesim/include/turtlesim/turtlesim/action/detail/rotate_absolute__rosidl_typesupport_introspection_c.h
[21.619s] -- Installing: /home/wurc/ros2_ws/install/turtlesim/include/turtlesim/turtlesim/action/detail/rotate_absolute__type_support.c
[21.619s] -- Installing: /home/wurc/ros2_ws/install/turtlesim/lib/libturtlesim__rosidl_typesupport_introspection_c.so
[21.619s] -- Set non-toolchain portion of runtime path of "/home/wurc/ros2_ws/install/turtlesim/lib/libturtlesim__rosidl_typesupport_introspection_c.so" to ""
[21.619s] -- Installing: /home/wurc/ros2_ws/install/turtlesim/lib/libturtlesim__rosidl_typesupport_c.so
[21.620s] -- Set non-toolchain portion of runtime path of "/home/wurc/ros2_ws/install/turtlesim/lib/libturtlesim__rosidl_typesupport_c.so" to ""
[21.620s] -- Up-to-date: /home/wurc/ros2_ws/install/turtlesim/include/turtlesim/turtlesim
[21.620s] -- Up-to-date: /home/wurc/ros2_ws/install/turtlesim/include/turtlesim/turtlesim/msg
[21.620s] -- Up-to-date: /home/wurc/ros2_ws/install/turtlesim/include/turtlesim/turtlesim/msg/detail
[21.620s] -- Installing: /home/wurc/ros2_ws/install/turtlesim/include/turtlesim/turtlesim/msg/detail/color__rosidl_typesupport_introspection_cpp.hpp
[21.620s] -- Installing: /home/wurc/ros2_ws/install/turtlesim/include/turtlesim/turtlesim/msg/detail/color__type_support.cpp
[21.620s] -- Installing: /home/wurc/ros2_ws/install/turtlesim/include/turtlesim/turtlesim/msg/detail/pose__rosidl_typesupport_introspection_cpp.hpp
[21.620s] -- Installing: /home/wurc/ros2_ws/install/turtlesim/include/turtlesim/turtlesim/msg/detail/pose__type_support.cpp
[21.620s] -- Up-to-date: /home/wurc/ros2_ws/install/turtlesim/include/turtlesim/turtlesim/srv
[21.620s] -- Up-to-date: /home/wurc/ros2_ws/install/turtlesim/include/turtlesim/turtlesim/srv/detail
[21.620s] -- Installing: /home/wurc/ros2_ws/install/turtlesim/include/turtlesim/turtlesim/srv/detail/spawn__rosidl_typesupport_introspection_cpp.hpp
[21.621s] -- Installing: /home/wurc/ros2_ws/install/turtlesim/include/turtlesim/turtlesim/srv/detail/teleport_absolute__rosidl_typesupport_introspection_cpp.hpp
[21.621s] -- Installing: /home/wurc/ros2_ws/install/turtlesim/include/turtlesim/turtlesim/srv/detail/teleport_absolute__type_support.cpp
[21.621s] -- Installing: /home/wurc/ros2_ws/install/turtlesim/include/turtlesim/turtlesim/srv/detail/teleport_relative__rosidl_typesupport_introspection_cpp.hpp
[21.621s] -- Installing: /home/wurc/ros2_ws/install/turtlesim/include/turtlesim/turtlesim/srv/detail/kill__rosidl_typesupport_introspection_cpp.hpp
[21.621s] -- Installing: /home/wurc/ros2_ws/install/turtlesim/include/turtlesim/turtlesim/srv/detail/set_pen__type_support.cpp
[21.621s] -- Installing: /home/wurc/ros2_ws/install/turtlesim/include/turtlesim/turtlesim/srv/detail/teleport_relative__type_support.cpp
[21.621s] -- Installing: /home/wurc/ros2_ws/install/turtlesim/include/turtlesim/turtlesim/srv/detail/set_pen__rosidl_typesupport_introspection_cpp.hpp
[21.621s] -- Installing: /home/wurc/ros2_ws/install/turtlesim/include/turtlesim/turtlesim/srv/detail/kill__type_support.cpp
[21.621s] -- Installing: /home/wurc/ros2_ws/install/turtlesim/include/turtlesim/turtlesim/srv/detail/spawn__type_support.cpp
[21.621s] -- Up-to-date: /home/wurc/ros2_ws/install/turtlesim/include/turtlesim/turtlesim/action
[21.622s] -- Up-to-date: /home/wurc/ros2_ws/install/turtlesim/include/turtlesim/turtlesim/action/detail
[21.622s] -- Installing: /home/wurc/ros2_ws/install/turtlesim/include/turtlesim/turtlesim/action/detail/rotate_absolute__rosidl_typesupport_introspection_cpp.hpp
[21.622s] -- Installing: /home/wurc/ros2_ws/install/turtlesim/include/turtlesim/turtlesim/action/detail/rotate_absolute__type_support.cpp
[21.622s] -- Installing: /home/wurc/ros2_ws/install/turtlesim/lib/libturtlesim__rosidl_typesupport_introspection_cpp.so
[21.622s] -- Set non-toolchain portion of runtime path of "/home/wurc/ros2_ws/install/turtlesim/lib/libturtlesim__rosidl_typesupport_introspection_cpp.so" to ""
[21.622s] -- Installing: /home/wurc/ros2_ws/install/turtlesim/lib/libturtlesim__rosidl_typesupport_cpp.so
[21.622s] -- Set non-toolchain portion of runtime path of "/home/wurc/ros2_ws/install/turtlesim/lib/libturtlesim__rosidl_typesupport_cpp.so" to ""
[21.622s] -- Installing: /home/wurc/ros2_ws/install/turtlesim/share/turtlesim/environment/pythonpath.sh
[21.622s] -- Installing: /home/wurc/ros2_ws/install/turtlesim/share/turtlesim/environment/pythonpath.dsv
[21.622s] -- Installing: /home/wurc/ros2_ws/install/turtlesim/lib/python3.12/site-packages/turtlesim-1.8.3-py3.12.egg-info
[21.622s] -- Installing: /home/wurc/ros2_ws/install/turtlesim/lib/python3.12/site-packages/turtlesim-1.8.3-py3.12.egg-info/dependency_links.txt
[21.623s] -- Installing: /home/wurc/ros2_ws/install/turtlesim/lib/python3.12/site-packages/turtlesim-1.8.3-py3.12.egg-info/top_level.txt
[21.623s] -- Installing: /home/wurc/ros2_ws/install/turtlesim/lib/python3.12/site-packages/turtlesim-1.8.3-py3.12.egg-info/PKG-INFO
[21.623s] -- Installing: /home/wurc/ros2_ws/install/turtlesim/lib/python3.12/site-packages/turtlesim-1.8.3-py3.12.egg-info/SOURCES.txt
[21.623s] -- Installing: /home/wurc/ros2_ws/install/turtlesim/lib/python3.12/site-packages/turtlesim
[21.623s] -- Installing: /home/wurc/ros2_ws/install/turtlesim/lib/python3.12/site-packages/turtlesim/turtlesim_s__rosidl_typesupport_c.so
[21.623s] -- Installing: /home/wurc/ros2_ws/install/turtlesim/lib/python3.12/site-packages/turtlesim/msg
[21.623s] -- Installing: /home/wurc/ros2_ws/install/turtlesim/lib/python3.12/site-packages/turtlesim/msg/_color_s.c
[21.623s] -- Installing: /home/wurc/ros2_ws/install/turtlesim/lib/python3.12/site-packages/turtlesim/msg/_pose_s.c
[21.623s] -- Installing: /home/wurc/ros2_ws/install/turtlesim/lib/python3.12/site-packages/turtlesim/msg/_pose.py
[21.623s] -- Installing: /home/wurc/ros2_ws/install/turtlesim/lib/python3.12/site-packages/turtlesim/msg/_color.py
[21.624s] -- Installing: /home/wurc/ros2_ws/install/turtlesim/lib/python3.12/site-packages/turtlesim/msg/__init__.py
[21.624s] -- Installing: /home/wurc/ros2_ws/install/turtlesim/lib/python3.12/site-packages/turtlesim/srv
[21.624s] -- Installing: /home/wurc/ros2_ws/install/turtlesim/lib/python3.12/site-packages/turtlesim/srv/_spawn_s.c
[21.624s] -- Installing: /home/wurc/ros2_ws/install/turtlesim/lib/python3.12/site-packages/turtlesim/srv/_kill_s.c
[21.624s] -- Installing: /home/wurc/ros2_ws/install/turtlesim/lib/python3.12/site-packages/turtlesim/srv/_kill.py
[21.624s] -- Installing: /home/wurc/ros2_ws/install/turtlesim/lib/python3.12/site-packages/turtlesim/srv/_set_pen_s.c
[21.624s] -- Installing: /home/wurc/ros2_ws/install/turtlesim/lib/python3.12/site-packages/turtlesim/srv/_teleport_absolute_s.c
[21.624s] -- Installing: /home/wurc/ros2_ws/install/turtlesim/lib/python3.12/site-packages/turtlesim/srv/_teleport_absolute.py
[21.624s] -- Installing: /home/wurc/ros2_ws/install/turtlesim/lib/python3.12/site-packages/turtlesim/srv/_teleport_relative_s.c
[21.624s] -- Installing: /home/wurc/ros2_ws/install/turtlesim/lib/python3.12/site-packages/turtlesim/srv/_teleport_relative.py
[21.624s] -- Installing: /home/wurc/ros2_ws/install/turtlesim/lib/python3.12/site-packages/turtlesim/srv/__init__.py
[21.624s] -- Installing: /home/wurc/ros2_ws/install/turtlesim/lib/python3.12/site-packages/turtlesim/srv/_set_pen.py
[21.624s] -- Installing: /home/wurc/ros2_ws/install/turtlesim/lib/python3.12/site-packages/turtlesim/srv/_spawn.py
[21.624s] -- Installing: /home/wurc/ros2_ws/install/turtlesim/lib/python3.12/site-packages/turtlesim/_turtlesim_s.ep.rosidl_typesupport_c.c
[21.624s] -- Installing: /home/wurc/ros2_ws/install/turtlesim/lib/python3.12/site-packages/turtlesim/_turtlesim_s.ep.rosidl_typesupport_fastrtps_c.c
[21.624s] -- Installing: /home/wurc/ros2_ws/install/turtlesim/lib/python3.12/site-packages/turtlesim/turtlesim_s__rosidl_typesupport_fastrtps_c.so
[21.625s] -- Installing: /home/wurc/ros2_ws/install/turtlesim/lib/python3.12/site-packages/turtlesim/_turtlesim_s.ep.rosidl_typesupport_introspection_c.c
[21.625s] -- Installing: /home/wurc/ros2_ws/install/turtlesim/lib/python3.12/site-packages/turtlesim/action
[21.625s] -- Installing: /home/wurc/ros2_ws/install/turtlesim/lib/python3.12/site-packages/turtlesim/action/_rotate_absolute_s.c
[21.625s] -- Installing: /home/wurc/ros2_ws/install/turtlesim/lib/python3.12/site-packages/turtlesim/action/_rotate_absolute.py
[21.625s] -- Installing: /home/wurc/ros2_ws/install/turtlesim/lib/python3.12/site-packages/turtlesim/action/__init__.py
[21.625s] -- Installing: /home/wurc/ros2_ws/install/turtlesim/lib/python3.12/site-packages/turtlesim/turtlesim_s__rosidl_typesupport_introspection_c.so
[21.625s] -- Installing: /home/wurc/ros2_ws/install/turtlesim/lib/python3.12/site-packages/turtlesim/__init__.py
[21.670s] Listing '/home/wurc/ros2_ws/install/turtlesim/lib/python3.12/site-packages/turtlesim'...
[21.671s] Compiling '/home/wurc/ros2_ws/install/turtlesim/lib/python3.12/site-packages/turtlesim/__init__.py'...
[21.671s] Listing '/home/wurc/ros2_ws/install/turtlesim/lib/python3.12/site-packages/turtlesim/action'...
[21.671s] Compiling '/home/wurc/ros2_ws/install/turtlesim/lib/python3.12/site-packages/turtlesim/action/__init__.py'...
[21.671s] Compiling '/home/wurc/ros2_ws/install/turtlesim/lib/python3.12/site-packages/turtlesim/action/_rotate_absolute.py'...
[21.671s] Listing '/home/wurc/ros2_ws/install/turtlesim/lib/python3.12/site-packages/turtlesim/msg'...
[21.671s] Compiling '/home/wurc/ros2_ws/install/turtlesim/lib/python3.12/site-packages/turtlesim/msg/__init__.py'...
[21.671s] Compiling '/home/wurc/ros2_ws/install/turtlesim/lib/python3.12/site-packages/turtlesim/msg/_color.py'...
[21.671s] Compiling '/home/wurc/ros2_ws/install/turtlesim/lib/python3.12/site-packages/turtlesim/msg/_pose.py'...
[21.671s] Listing '/home/wurc/ros2_ws/install/turtlesim/lib/python3.12/site-packages/turtlesim/srv'...
[21.671s] Compiling '/home/wurc/ros2_ws/install/turtlesim/lib/python3.12/site-packages/turtlesim/srv/__init__.py'...
[21.671s] Compiling '/home/wurc/ros2_ws/install/turtlesim/lib/python3.12/site-packages/turtlesim/srv/_kill.py'...
[21.671s] Compiling '/home/wurc/ros2_ws/install/turtlesim/lib/python3.12/site-packages/turtlesim/srv/_set_pen.py'...
[21.671s] Compiling '/home/wurc/ros2_ws/install/turtlesim/lib/python3.12/site-packages/turtlesim/srv/_spawn.py'...
[21.671s] Compiling '/home/wurc/ros2_ws/install/turtlesim/lib/python3.12/site-packages/turtlesim/srv/_teleport_absolute.py'...
[21.671s] Compiling '/home/wurc/ros2_ws/install/turtlesim/lib/python3.12/site-packages/turtlesim/srv/_teleport_relative.py'...
[21.675s] -- Installing: /home/wurc/ros2_ws/install/turtlesim/lib/python3.12/site-packages/turtlesim/turtlesim_s__rosidl_typesupport_fastrtps_c.so
[21.675s] -- Set non-toolchain portion of runtime path of "/home/wurc/ros2_ws/install/turtlesim/lib/python3.12/site-packages/turtlesim/turtlesim_s__rosidl_typesupport_fastrtps_c.so" to ""
[21.675s] -- Installing: /home/wurc/ros2_ws/install/turtlesim/lib/python3.12/site-packages/turtlesim/turtlesim_s__rosidl_typesupport_introspection_c.so
[21.676s] -- Set non-toolchain portion of runtime path of "/home/wurc/ros2_ws/install/turtlesim/lib/python3.12/site-packages/turtlesim/turtlesim_s__rosidl_typesupport_introspection_c.so" to ""
[21.676s] -- Installing: /home/wurc/ros2_ws/install/turtlesim/lib/python3.12/site-packages/turtlesim/turtlesim_s__rosidl_typesupport_c.so
[21.676s] -- Set non-toolchain portion of runtime path of "/home/wurc/ros2_ws/install/turtlesim/lib/python3.12/site-packages/turtlesim/turtlesim_s__rosidl_typesupport_c.so" to ""
[21.676s] -- Installing: /home/wurc/ros2_ws/install/turtlesim/lib/libturtlesim__rosidl_generator_py.so
[21.677s] -- Set non-toolchain portion of runtime path of "/home/wurc/ros2_ws/install/turtlesim/lib/libturtlesim__rosidl_generator_py.so" to ""
[21.677s] -- Installing: /home/wurc/ros2_ws/install/turtlesim/share/turtlesim/action/RotateAbsolute.idl
[21.677s] -- Installing: /home/wurc/ros2_ws/install/turtlesim/share/turtlesim/msg/Color.idl
[21.677s] -- Installing: /home/wurc/ros2_ws/install/turtlesim/share/turtlesim/msg/Pose.idl
[21.677s] -- Installing: /home/wurc/ros2_ws/install/turtlesim/share/turtlesim/srv/Kill.idl
[21.677s] -- Installing: /home/wurc/ros2_ws/install/turtlesim/share/turtlesim/srv/SetPen.idl
[21.677s] -- Installing: /home/wurc/ros2_ws/install/turtlesim/share/turtlesim/srv/Spawn.idl
[21.677s] -- Installing: /home/wurc/ros2_ws/install/turtlesim/share/turtlesim/srv/TeleportAbsolute.idl
[21.678s] -- Installing: /home/wurc/ros2_ws/install/turtlesim/share/turtlesim/srv/TeleportRelative.idl
[21.678s] -- Installing: /home/wurc/ros2_ws/install/turtlesim/share/turtlesim/action/RotateAbsolute.action
[21.678s] -- Installing: /home/wurc/ros2_ws/install/turtlesim/share/turtlesim/msg/Color.msg
[21.678s] -- Installing: /home/wurc/ros2_ws/install/turtlesim/share/turtlesim/msg/Pose.msg
[21.678s] -- Installing: /home/wurc/ros2_ws/install/turtlesim/share/turtlesim/srv/Kill.srv
[21.678s] -- Installing: /home/wurc/ros2_ws/install/turtlesim/share/turtlesim/srv/SetPen.srv
[21.678s] -- Installing: /home/wurc/ros2_ws/install/turtlesim/share/turtlesim/srv/Spawn.srv
[21.678s] -- Installing: /home/wurc/ros2_ws/install/turtlesim/share/turtlesim/srv/TeleportAbsolute.srv
[21.678s] -- Installing: /home/wurc/ros2_ws/install/turtlesim/share/turtlesim/srv/TeleportRelative.srv
[21.679s] -- Installing: /home/wurc/ros2_ws/install/turtlesim/lib/turtlesim/turtlesim_node
[21.688s] -- Set non-toolchain portion of runtime path of "/home/wurc/ros2_ws/install/turtlesim/lib/turtlesim/turtlesim_node" to ""
[21.688s] -- Installing: /home/wurc/ros2_ws/install/turtlesim/lib/turtlesim/turtle_teleop_key
[21.689s] -- Set non-toolchain portion of runtime path of "/home/wurc/ros2_ws/install/turtlesim/lib/turtlesim/turtle_teleop_key" to ""
[21.689s] -- Installing: /home/wurc/ros2_ws/install/turtlesim/lib/turtlesim/draw_square
[21.694s] -- Set non-toolchain portion of runtime path of "/home/wurc/ros2_ws/install/turtlesim/lib/turtlesim/draw_square" to ""
[21.694s] -- Installing: /home/wurc/ros2_ws/install/turtlesim/lib/turtlesim/mimic
[21.697s] -- Set non-toolchain portion of runtime path of "/home/wurc/ros2_ws/install/turtlesim/lib/turtlesim/mimic" to ""
[21.697s] -- Installing: /home/wurc/ros2_ws/install/turtlesim/share/turtlesim/images
[21.697s] -- Installing: /home/wurc/ros2_ws/install/turtlesim/share/turtlesim/images/humble.png
[21.698s] -- Installing: /home/wurc/ros2_ws/install/turtlesim/share/turtlesim/images/rolling.png
[21.698s] -- Installing: /home/wurc/ros2_ws/install/turtlesim/share/turtlesim/images/iron.png
[21.698s] -- Installing: /home/wurc/ros2_ws/install/turtlesim/share/turtlesim/images/eloquent.png
[21.698s] -- Installing: /home/wurc/ros2_ws/install/turtlesim/share/turtlesim/images/foxy.png
[21.698s] -- Installing: /home/wurc/ros2_ws/install/turtlesim/share/turtlesim/images/jazzy.png
[21.698s] -- Installing: /home/wurc/ros2_ws/install/turtlesim/share/turtlesim/images/galactic.png
[21.698s] -- Installing: /home/wurc/ros2_ws/install/turtlesim/share/turtlesim/images/crystal.png
[21.698s] -- Installing: /home/wurc/ros2_ws/install/turtlesim/share/turtlesim/images/ardent.png
[21.698s] -- Installing: /home/wurc/ros2_ws/install/turtlesim/share/turtlesim/images/dashing.png
[21.698s] -- Installing: /home/wurc/ros2_ws/install/turtlesim/share/turtlesim/images/bouncy.png
[21.698s] -- Installing: /home/wurc/ros2_ws/install/turtlesim/share/turtlesim/launch
[21.699s] -- Installing: /home/wurc/ros2_ws/install/turtlesim/share/turtlesim/launch/multisim.launch.py
[21.699s] -- Installing: /home/wurc/ros2_ws/install/turtlesim/share/ament_index/resource_index/package_run_dependencies/turtlesim
[21.699s] -- Installing: /home/wurc/ros2_ws/install/turtlesim/share/ament_index/resource_index/parent_prefix_path/turtlesim
[21.699s] -- Installing: /home/wurc/ros2_ws/install/turtlesim/share/turtlesim/environment/ament_prefix_path.sh
[21.699s] -- Installing: /home/wurc/ros2_ws/install/turtlesim/share/turtlesim/environment/ament_prefix_path.dsv
[21.699s] -- Installing: /home/wurc/ros2_ws/install/turtlesim/share/turtlesim/environment/path.sh
[21.699s] -- Installing: /home/wurc/ros2_ws/install/turtlesim/share/turtlesim/environment/path.dsv
[21.699s] -- Installing: /home/wurc/ros2_ws/install/turtlesim/share/turtlesim/local_setup.bash
[21.699s] -- Installing: /home/wurc/ros2_ws/install/turtlesim/share/turtlesim/local_setup.sh
[21.700s] -- Installing: /home/wurc/ros2_ws/install/turtlesim/share/turtlesim/local_setup.zsh
[21.700s] -- Installing: /home/wurc/ros2_ws/install/turtlesim/share/turtlesim/local_setup.dsv
[21.700s] -- Installing: /home/wurc/ros2_ws/install/turtlesim/share/turtlesim/package.dsv
[21.700s] -- Installing: /home/wurc/ros2_ws/install/turtlesim/share/ament_index/resource_index/packages/turtlesim
[21.700s] -- Installing: /home/wurc/ros2_ws/install/turtlesim/share/turtlesim/cmake/export_turtlesim__rosidl_generator_cExport.cmake
[21.700s] -- Installing: /home/wurc/ros2_ws/install/turtlesim/share/turtlesim/cmake/export_turtlesim__rosidl_generator_cExport-noconfig.cmake
[21.700s] -- Installing: /home/wurc/ros2_ws/install/turtlesim/share/turtlesim/cmake/export_turtlesim__rosidl_typesupport_fastrtps_cExport.cmake
[21.700s] -- Installing: /home/wurc/ros2_ws/install/turtlesim/share/turtlesim/cmake/export_turtlesim__rosidl_typesupport_fastrtps_cExport-noconfig.cmake
[21.700s] -- Installing: /home/wurc/ros2_ws/install/turtlesim/share/turtlesim/cmake/export_turtlesim__rosidl_generator_cppExport.cmake
[21.700s] -- Installing: /home/wurc/ros2_ws/install/turtlesim/share/turtlesim/cmake/export_turtlesim__rosidl_typesupport_fastrtps_cppExport.cmake
[21.701s] -- Installing: /home/wurc/ros2_ws/install/turtlesim/share/turtlesim/cmake/export_turtlesim__rosidl_typesupport_fastrtps_cppExport-noconfig.cmake
[21.701s] -- Installing: /home/wurc/ros2_ws/install/turtlesim/share/turtlesim/cmake/turtlesim__rosidl_typesupport_introspection_cExport.cmake
[21.701s] -- Installing: /home/wurc/ros2_ws/install/turtlesim/share/turtlesim/cmake/turtlesim__rosidl_typesupport_introspection_cExport-noconfig.cmake
[21.701s] -- Installing: /home/wurc/ros2_ws/install/turtlesim/share/turtlesim/cmake/turtlesim__rosidl_typesupport_cExport.cmake
[21.701s] -- Installing: /home/wurc/ros2_ws/install/turtlesim/share/turtlesim/cmake/turtlesim__rosidl_typesupport_cExport-noconfig.cmake
[21.701s] -- Installing: /home/wurc/ros2_ws/install/turtlesim/share/turtlesim/cmake/turtlesim__rosidl_typesupport_introspection_cppExport.cmake
[21.701s] -- Installing: /home/wurc/ros2_ws/install/turtlesim/share/turtlesim/cmake/turtlesim__rosidl_typesupport_introspection_cppExport-noconfig.cmake
[21.701s] -- Installing: /home/wurc/ros2_ws/install/turtlesim/share/turtlesim/cmake/turtlesim__rosidl_typesupport_cppExport.cmake
[21.701s] -- Installing: /home/wurc/ros2_ws/install/turtlesim/share/turtlesim/cmake/turtlesim__rosidl_typesupport_cppExport-noconfig.cmake
[21.702s] -- Installing: /home/wurc/ros2_ws/install/turtlesim/share/turtlesim/cmake/export_turtlesim__rosidl_generator_pyExport.cmake
[21.702s] -- Installing: /home/wurc/ros2_ws/install/turtlesim/share/turtlesim/cmake/export_turtlesim__rosidl_generator_pyExport-noconfig.cmake
[21.702s] -- Installing: /home/wurc/ros2_ws/install/turtlesim/share/turtlesim/cmake/rosidl_cmake-extras.cmake
[21.702s] -- Installing: /home/wurc/ros2_ws/install/turtlesim/share/turtlesim/cmake/ament_cmake_export_dependencies-extras.cmake
[21.702s] -- Installing: /home/wurc/ros2_ws/install/turtlesim/share/turtlesim/cmake/ament_cmake_export_include_directories-extras.cmake
[21.702s] -- Installing: /home/wurc/ros2_ws/install/turtlesim/share/turtlesim/cmake/ament_cmake_export_libraries-extras.cmake
[21.702s] -- Installing: /home/wurc/ros2_ws/install/turtlesim/share/turtlesim/cmake/ament_cmake_export_targets-extras.cmake
[21.702s] -- Installing: /home/wurc/ros2_ws/install/turtlesim/share/turtlesim/cmake/rosidl_cmake_export_typesupport_targets-extras.cmake
[21.702s] -- Installing: /home/wurc/ros2_ws/install/turtlesim/share/turtlesim/cmake/rosidl_cmake_export_typesupport_libraries-extras.cmake
[21.703s] -- Installing: /home/wurc/ros2_ws/install/turtlesim/share/turtlesim/cmake/turtlesimConfig.cmake
[21.703s] -- Installing: /home/wurc/ros2_ws/install/turtlesim/share/turtlesim/cmake/turtlesimConfig-version.cmake
[21.703s] -- Installing: /home/wurc/ros2_ws/install/turtlesim/share/turtlesim/package.xml
[21.704s] Invoked command in '/home/wurc/ros2_ws/build/turtlesim' returned '0': CMAKE_PREFIX_PATH=${CMAKE_PREFIX_PATH}:/opt/ros/jazzy DEBUGINFOD_URLS=https://debuginfod.ubuntu.com /usr/bin/cmake --install /home/wurc/ros2_ws/build/turtlesim
