[0.010s] Invoking command in '/home/wurc/ros2_ws/build/turtlesim': CMAKE_PREFIX_PATH=${CMAKE_PREFIX_PATH}:/opt/ros/jazzy DEBUGINFOD_URLS=https://debuginfod.ubuntu.com /usr/bin/cmake --build /home/wurc/ros2_ws/build/turtlesim -- -j16 -l16
[0.065s] [  0%] Built target turtlesim__rosidl_generator_type_description
[0.073s] [  0%] Built target ament_cmake_python_copy_turtlesim
[0.083s] [  1%] Built target turtlesim__cpp
[0.088s] [ 24%] Built target turtlesim__rosidl_generator_c
[0.117s] [ 32%] Built target turtlesim__rosidl_typesupport_introspection_cpp
[0.117s] [ 40%] Built target turtlesim__rosidl_typesupport_fastrtps_c
[0.119s] [ 49%] Built target turtlesim__rosidl_typesupport_cpp
[0.119s] [ 58%] Built target turtlesim__rosidl_typesupport_c
[0.122s] [ 67%] Built target turtlesim__rosidl_typesupport_introspection_c
[0.134s] [ 76%] Built target turtlesim__rosidl_typesupport_fastrtps_cpp
[0.148s] [ 78%] Built target mimic
[0.150s] [ 80%] Built target turtle_teleop_key
[0.153s] [ 81%] Built target draw_square
[0.157s] [ 81%] Built target turtlesim
[0.164s] [ 82%] [32mBuilding CXX object CMakeFiles/turtlesim_node.dir/src/turtle_frame.cpp.o[0m
[0.176s] [ 82%] Built target turtlesim__py
[0.198s] [ 90%] Built target turtlesim__rosidl_generator_py
[0.223s] [ 92%] Built target turtlesim_s__rosidl_typesupport_fastrtps_c
[0.224s] [ 94%] Built target turtlesim_s__rosidl_typesupport_c
[0.226s] [ 96%] Built target turtlesim_s__rosidl_typesupport_introspection_c
[0.234s] running egg_info
[0.246s] writing turtlesim.egg-info/PKG-INFO
[0.246s] writing dependency_links to turtlesim.egg-info/dependency_links.txt
[0.246s] writing top-level names to turtlesim.egg-info/top_level.txt
[0.282s] reading manifest file 'turtlesim.egg-info/SOURCES.txt'
[0.282s] writing manifest file 'turtlesim.egg-info/SOURCES.txt'
[0.303s] [ 96%] Built target ament_cmake_python_build_turtlesim_egg
[7.333s] [ 97%] [32m[1mLinking CXX executable turtlesim_node[0m
[8.785s] [100%] Built target turtlesim_node
[8.796s] Invoked command in '/home/wurc/ros2_ws/build/turtlesim' returned '0': CMAKE_PREFIX_PATH=${CMAKE_PREFIX_PATH}:/opt/ros/jazzy DEBUGINFOD_URLS=https://debuginfod.ubuntu.com /usr/bin/cmake --build /home/wurc/ros2_ws/build/turtlesim -- -j16 -l16
[8.805s] Invoking command in '/home/wurc/ros2_ws/build/turtlesim': CMAKE_PREFIX_PATH=${CMAKE_PREFIX_PATH}:/opt/ros/jazzy DEBUGINFOD_URLS=https://debuginfod.ubuntu.com /usr/bin/cmake --install /home/wurc/ros2_ws/build/turtlesim
[8.812s] -- Install configuration: ""
[8.812s] -- Up-to-date: /home/wurc/ros2_ws/install/turtlesim/share/ament_index/resource_index/rosidl_interfaces/turtlesim
[8.812s] -- Up-to-date: /home/wurc/ros2_ws/install/turtlesim/share/turtlesim/action/RotateAbsolute.json
[8.812s] -- Up-to-date: /home/wurc/ros2_ws/install/turtlesim/share/turtlesim/msg/Color.json
[8.812s] -- Up-to-date: /home/wurc/ros2_ws/install/turtlesim/share/turtlesim/msg/Pose.json
[8.812s] -- Up-to-date: /home/wurc/ros2_ws/install/turtlesim/share/turtlesim/srv/Kill.json
[8.813s] -- Up-to-date: /home/wurc/ros2_ws/install/turtlesim/share/turtlesim/srv/SetPen.json
[8.813s] -- Up-to-date: /home/wurc/ros2_ws/install/turtlesim/share/turtlesim/srv/Spawn.json
[8.813s] -- Up-to-date: /home/wurc/ros2_ws/install/turtlesim/share/turtlesim/srv/TeleportAbsolute.json
[8.813s] -- Up-to-date: /home/wurc/ros2_ws/install/turtlesim/share/turtlesim/srv/TeleportRelative.json
[8.813s] -- Up-to-date: /home/wurc/ros2_ws/install/turtlesim/include/turtlesim/turtlesim
[8.813s] -- Up-to-date: /home/wurc/ros2_ws/install/turtlesim/include/turtlesim/turtlesim/msg
[8.813s] -- Up-to-date: /home/wurc/ros2_ws/install/turtlesim/include/turtlesim/turtlesim/msg/color.h
[8.813s] -- Up-to-date: /home/wurc/ros2_ws/install/turtlesim/include/turtlesim/turtlesim/msg/detail
[8.813s] -- Up-to-date: /home/wurc/ros2_ws/install/turtlesim/include/turtlesim/turtlesim/msg/detail/color__description.c
[8.814s] -- Up-to-date: /home/wurc/ros2_ws/install/turtlesim/include/turtlesim/turtlesim/msg/detail/color__type_support.c
[8.814s] -- Up-to-date: /home/wurc/ros2_ws/install/turtlesim/include/turtlesim/turtlesim/msg/detail/pose__type_support.c
[8.814s] -- Up-to-date: /home/wurc/ros2_ws/install/turtlesim/include/turtlesim/turtlesim/msg/detail/color__type_support.h
[8.814s] -- Up-to-date: /home/wurc/ros2_ws/install/turtlesim/include/turtlesim/turtlesim/msg/detail/pose__functions.h
[8.814s] -- Up-to-date: /home/wurc/ros2_ws/install/turtlesim/include/turtlesim/turtlesim/msg/detail/pose__description.c
[8.814s] -- Up-to-date: /home/wurc/ros2_ws/install/turtlesim/include/turtlesim/turtlesim/msg/detail/color__struct.h
[8.814s] -- Up-to-date: /home/wurc/ros2_ws/install/turtlesim/include/turtlesim/turtlesim/msg/detail/pose__struct.h
[8.814s] -- Up-to-date: /home/wurc/ros2_ws/install/turtlesim/include/turtlesim/turtlesim/msg/detail/pose__functions.c
[8.814s] -- Up-to-date: /home/wurc/ros2_ws/install/turtlesim/include/turtlesim/turtlesim/msg/detail/color__functions.h
[8.814s] -- Up-to-date: /home/wurc/ros2_ws/install/turtlesim/include/turtlesim/turtlesim/msg/detail/pose__type_support.h
[8.815s] -- Up-to-date: /home/wurc/ros2_ws/install/turtlesim/include/turtlesim/turtlesim/msg/detail/color__functions.c
[8.815s] -- Up-to-date: /home/wurc/ros2_ws/install/turtlesim/include/turtlesim/turtlesim/msg/rosidl_generator_c__visibility_control.h
[8.815s] -- Up-to-date: /home/wurc/ros2_ws/install/turtlesim/include/turtlesim/turtlesim/msg/pose.h
[8.815s] -- Up-to-date: /home/wurc/ros2_ws/install/turtlesim/include/turtlesim/turtlesim/srv
[8.815s] -- Up-to-date: /home/wurc/ros2_ws/install/turtlesim/include/turtlesim/turtlesim/srv/spawn.h
[8.815s] -- Up-to-date: /home/wurc/ros2_ws/install/turtlesim/include/turtlesim/turtlesim/srv/teleport_relative.h
[8.815s] -- Up-to-date: /home/wurc/ros2_ws/install/turtlesim/include/turtlesim/turtlesim/srv/set_pen.h
[8.815s] -- Up-to-date: /home/wurc/ros2_ws/install/turtlesim/include/turtlesim/turtlesim/srv/teleport_absolute.h
[8.815s] -- Up-to-date: /home/wurc/ros2_ws/install/turtlesim/include/turtlesim/turtlesim/srv/detail
[8.815s] -- Up-to-date: /home/wurc/ros2_ws/install/turtlesim/include/turtlesim/turtlesim/srv/detail/kill__functions.c
[8.815s] -- Up-to-date: /home/wurc/ros2_ws/install/turtlesim/include/turtlesim/turtlesim/srv/detail/teleport_relative__struct.h
[8.816s] -- Up-to-date: /home/wurc/ros2_ws/install/turtlesim/include/turtlesim/turtlesim/srv/detail/spawn__type_support.h
[8.816s] -- Up-to-date: /home/wurc/ros2_ws/install/turtlesim/include/turtlesim/turtlesim/srv/detail/set_pen__description.c
[8.816s] -- Up-to-date: /home/wurc/ros2_ws/install/turtlesim/include/turtlesim/turtlesim/srv/detail/teleport_absolute__description.c
[8.816s] -- Up-to-date: /home/wurc/ros2_ws/install/turtlesim/include/turtlesim/turtlesim/srv/detail/spawn__description.c
[8.816s] -- Up-to-date: /home/wurc/ros2_ws/install/turtlesim/include/turtlesim/turtlesim/srv/detail/teleport_relative__functions.h
[8.816s] -- Up-to-date: /home/wurc/ros2_ws/install/turtlesim/include/turtlesim/turtlesim/srv/detail/set_pen__type_support.c
[8.816s] -- Up-to-date: /home/wurc/ros2_ws/install/turtlesim/include/turtlesim/turtlesim/srv/detail/teleport_absolute__type_support.c
[8.816s] -- Up-to-date: /home/wurc/ros2_ws/install/turtlesim/include/turtlesim/turtlesim/srv/detail/teleport_absolute__type_support.h
[8.816s] -- Up-to-date: /home/wurc/ros2_ws/install/turtlesim/include/turtlesim/turtlesim/srv/detail/kill__description.c
[8.816s] -- Up-to-date: /home/wurc/ros2_ws/install/turtlesim/include/turtlesim/turtlesim/srv/detail/teleport_absolute__struct.h
[8.816s] -- Up-to-date: /home/wurc/ros2_ws/install/turtlesim/include/turtlesim/turtlesim/srv/detail/teleport_relative__type_support.c
[8.817s] -- Up-to-date: /home/wurc/ros2_ws/install/turtlesim/include/turtlesim/turtlesim/srv/detail/spawn__type_support.c
[8.817s] -- Up-to-date: /home/wurc/ros2_ws/install/turtlesim/include/turtlesim/turtlesim/srv/detail/teleport_absolute__functions.c
[8.817s] -- Up-to-date: /home/wurc/ros2_ws/install/turtlesim/include/turtlesim/turtlesim/srv/detail/teleport_relative__functions.c
[8.817s] -- Up-to-date: /home/wurc/ros2_ws/install/turtlesim/include/turtlesim/turtlesim/srv/detail/kill__struct.h
[8.817s] -- Up-to-date: /home/wurc/ros2_ws/install/turtlesim/include/turtlesim/turtlesim/srv/detail/set_pen__struct.h
[8.817s] -- Up-to-date: /home/wurc/ros2_ws/install/turtlesim/include/turtlesim/turtlesim/srv/detail/kill__functions.h
[8.817s] -- Up-to-date: /home/wurc/ros2_ws/install/turtlesim/include/turtlesim/turtlesim/srv/detail/spawn__functions.h
[8.817s] -- Up-to-date: /home/wurc/ros2_ws/install/turtlesim/include/turtlesim/turtlesim/srv/detail/teleport_relative__description.c
[8.817s] -- Up-to-date: /home/wurc/ros2_ws/install/turtlesim/include/turtlesim/turtlesim/srv/detail/set_pen__functions.c
[8.817s] -- Up-to-date: /home/wurc/ros2_ws/install/turtlesim/include/turtlesim/turtlesim/srv/detail/teleport_relative__type_support.h
[8.817s] -- Up-to-date: /home/wurc/ros2_ws/install/turtlesim/include/turtlesim/turtlesim/srv/detail/kill__type_support.h
[8.818s] -- Up-to-date: /home/wurc/ros2_ws/install/turtlesim/include/turtlesim/turtlesim/srv/detail/spawn__functions.c
[8.818s] -- Up-to-date: /home/wurc/ros2_ws/install/turtlesim/include/turtlesim/turtlesim/srv/detail/set_pen__functions.h
[8.818s] -- Up-to-date: /home/wurc/ros2_ws/install/turtlesim/include/turtlesim/turtlesim/srv/detail/spawn__struct.h
[8.818s] -- Up-to-date: /home/wurc/ros2_ws/install/turtlesim/include/turtlesim/turtlesim/srv/detail/set_pen__type_support.h
[8.818s] -- Up-to-date: /home/wurc/ros2_ws/install/turtlesim/include/turtlesim/turtlesim/srv/detail/kill__type_support.c
[8.818s] -- Up-to-date: /home/wurc/ros2_ws/install/turtlesim/include/turtlesim/turtlesim/srv/detail/teleport_absolute__functions.h
[8.818s] -- Up-to-date: /home/wurc/ros2_ws/install/turtlesim/include/turtlesim/turtlesim/srv/kill.h
[8.818s] -- Up-to-date: /home/wurc/ros2_ws/install/turtlesim/include/turtlesim/turtlesim/action
[8.818s] -- Up-to-date: /home/wurc/ros2_ws/install/turtlesim/include/turtlesim/turtlesim/action/detail
[8.818s] -- Up-to-date: /home/wurc/ros2_ws/install/turtlesim/include/turtlesim/turtlesim/action/detail/rotate_absolute__functions.h
[8.818s] -- Up-to-date: /home/wurc/ros2_ws/install/turtlesim/include/turtlesim/turtlesim/action/detail/rotate_absolute__description.c
[8.819s] -- Up-to-date: /home/wurc/ros2_ws/install/turtlesim/include/turtlesim/turtlesim/action/detail/rotate_absolute__type_support.c
[8.819s] -- Up-to-date: /home/wurc/ros2_ws/install/turtlesim/include/turtlesim/turtlesim/action/detail/rotate_absolute__type_support.h
[8.819s] -- Up-to-date: /home/wurc/ros2_ws/install/turtlesim/include/turtlesim/turtlesim/action/detail/rotate_absolute__functions.c
[8.819s] -- Up-to-date: /home/wurc/ros2_ws/install/turtlesim/include/turtlesim/turtlesim/action/detail/rotate_absolute__struct.h
[8.819s] -- Up-to-date: /home/wurc/ros2_ws/install/turtlesim/include/turtlesim/turtlesim/action/rotate_absolute.h
[8.819s] -- Up-to-date: /home/wurc/ros2_ws/install/turtlesim/share/turtlesim/environment/library_path.sh
[8.819s] -- Up-to-date: /home/wurc/ros2_ws/install/turtlesim/share/turtlesim/environment/library_path.dsv
[8.819s] -- Up-to-date: /home/wurc/ros2_ws/install/turtlesim/lib/libturtlesim__rosidl_generator_c.so
[8.819s] -- Up-to-date: /home/wurc/ros2_ws/install/turtlesim/include/turtlesim/turtlesim
[8.819s] -- Up-to-date: /home/wurc/ros2_ws/install/turtlesim/include/turtlesim/turtlesim/msg
[8.819s] -- Up-to-date: /home/wurc/ros2_ws/install/turtlesim/include/turtlesim/turtlesim/msg/rosidl_typesupport_fastrtps_c__visibility_control.h
[8.819s] -- Up-to-date: /home/wurc/ros2_ws/install/turtlesim/include/turtlesim/turtlesim/msg/detail
[8.819s] -- Up-to-date: /home/wurc/ros2_ws/install/turtlesim/include/turtlesim/turtlesim/msg/detail/pose__rosidl_typesupport_fastrtps_c.h
[8.820s] -- Up-to-date: /home/wurc/ros2_ws/install/turtlesim/include/turtlesim/turtlesim/msg/detail/color__rosidl_typesupport_fastrtps_c.h
[8.820s] -- Up-to-date: /home/wurc/ros2_ws/install/turtlesim/include/turtlesim/turtlesim/srv
[8.820s] -- Up-to-date: /home/wurc/ros2_ws/install/turtlesim/include/turtlesim/turtlesim/srv/detail
[8.820s] -- Up-to-date: /home/wurc/ros2_ws/install/turtlesim/include/turtlesim/turtlesim/srv/detail/spawn__rosidl_typesupport_fastrtps_c.h
[8.820s] -- Up-to-date: /home/wurc/ros2_ws/install/turtlesim/include/turtlesim/turtlesim/srv/detail/teleport_absolute__rosidl_typesupport_fastrtps_c.h
[8.820s] -- Up-to-date: /home/wurc/ros2_ws/install/turtlesim/include/turtlesim/turtlesim/srv/detail/teleport_relative__rosidl_typesupport_fastrtps_c.h
[8.820s] -- Up-to-date: /home/wurc/ros2_ws/install/turtlesim/include/turtlesim/turtlesim/srv/detail/set_pen__rosidl_typesupport_fastrtps_c.h
[8.820s] -- Up-to-date: /home/wurc/ros2_ws/install/turtlesim/include/turtlesim/turtlesim/srv/detail/kill__rosidl_typesupport_fastrtps_c.h
[8.820s] -- Up-to-date: /home/wurc/ros2_ws/install/turtlesim/include/turtlesim/turtlesim/action
[8.820s] -- Up-to-date: /home/wurc/ros2_ws/install/turtlesim/include/turtlesim/turtlesim/action/detail
[8.821s] -- Up-to-date: /home/wurc/ros2_ws/install/turtlesim/include/turtlesim/turtlesim/action/detail/rotate_absolute__rosidl_typesupport_fastrtps_c.h
[8.821s] -- Up-to-date: /home/wurc/ros2_ws/install/turtlesim/lib/libturtlesim__rosidl_typesupport_fastrtps_c.so
[8.821s] -- Up-to-date: /home/wurc/ros2_ws/install/turtlesim/include/turtlesim/turtlesim
[8.821s] -- Up-to-date: /home/wurc/ros2_ws/install/turtlesim/include/turtlesim/turtlesim/msg
[8.821s] -- Up-to-date: /home/wurc/ros2_ws/install/turtlesim/include/turtlesim/turtlesim/msg/rosidl_generator_cpp__visibility_control.hpp
[8.821s] -- Up-to-date: /home/wurc/ros2_ws/install/turtlesim/include/turtlesim/turtlesim/msg/pose.hpp
[8.821s] -- Up-to-date: /home/wurc/ros2_ws/install/turtlesim/include/turtlesim/turtlesim/msg/detail
[8.821s] -- Up-to-date: /home/wurc/ros2_ws/install/turtlesim/include/turtlesim/turtlesim/msg/detail/color__builder.hpp
[8.821s] -- Up-to-date: /home/wurc/ros2_ws/install/turtlesim/include/turtlesim/turtlesim/msg/detail/color__traits.hpp
[8.821s] -- Up-to-date: /home/wurc/ros2_ws/install/turtlesim/include/turtlesim/turtlesim/msg/detail/color__struct.hpp
[8.821s] -- Up-to-date: /home/wurc/ros2_ws/install/turtlesim/include/turtlesim/turtlesim/msg/detail/color__type_support.hpp
[8.822s] -- Up-to-date: /home/wurc/ros2_ws/install/turtlesim/include/turtlesim/turtlesim/msg/detail/pose__struct.hpp
[8.822s] -- Up-to-date: /home/wurc/ros2_ws/install/turtlesim/include/turtlesim/turtlesim/msg/detail/pose__traits.hpp
[8.822s] -- Up-to-date: /home/wurc/ros2_ws/install/turtlesim/include/turtlesim/turtlesim/msg/detail/pose__type_support.hpp
[8.822s] -- Up-to-date: /home/wurc/ros2_ws/install/turtlesim/include/turtlesim/turtlesim/msg/detail/pose__builder.hpp
[8.822s] -- Up-to-date: /home/wurc/ros2_ws/install/turtlesim/include/turtlesim/turtlesim/msg/color.hpp
[8.822s] -- Up-to-date: /home/wurc/ros2_ws/install/turtlesim/include/turtlesim/turtlesim/srv
[8.822s] -- Up-to-date: /home/wurc/ros2_ws/install/turtlesim/include/turtlesim/turtlesim/srv/teleport_relative.hpp
[8.822s] -- Up-to-date: /home/wurc/ros2_ws/install/turtlesim/include/turtlesim/turtlesim/srv/teleport_absolute.hpp
[8.822s] -- Up-to-date: /home/wurc/ros2_ws/install/turtlesim/include/turtlesim/turtlesim/srv/set_pen.hpp
[8.822s] -- Up-to-date: /home/wurc/ros2_ws/install/turtlesim/include/turtlesim/turtlesim/srv/kill.hpp
[8.823s] -- Up-to-date: /home/wurc/ros2_ws/install/turtlesim/include/turtlesim/turtlesim/srv/spawn.hpp
[8.823s] -- Up-to-date: /home/wurc/ros2_ws/install/turtlesim/include/turtlesim/turtlesim/srv/detail
[8.823s] -- Up-to-date: /home/wurc/ros2_ws/install/turtlesim/include/turtlesim/turtlesim/srv/detail/kill__struct.hpp
[8.823s] -- Up-to-date: /home/wurc/ros2_ws/install/turtlesim/include/turtlesim/turtlesim/srv/detail/teleport_absolute__traits.hpp
[8.823s] -- Up-to-date: /home/wurc/ros2_ws/install/turtlesim/include/turtlesim/turtlesim/srv/detail/teleport_absolute__struct.hpp
[8.823s] -- Up-to-date: /home/wurc/ros2_ws/install/turtlesim/include/turtlesim/turtlesim/srv/detail/kill__builder.hpp
[8.823s] -- Up-to-date: /home/wurc/ros2_ws/install/turtlesim/include/turtlesim/turtlesim/srv/detail/spawn__builder.hpp
[8.823s] -- Up-to-date: /home/wurc/ros2_ws/install/turtlesim/include/turtlesim/turtlesim/srv/detail/kill__traits.hpp
[8.823s] -- Up-to-date: /home/wurc/ros2_ws/install/turtlesim/include/turtlesim/turtlesim/srv/detail/teleport_relative__type_support.hpp
[8.823s] -- Up-to-date: /home/wurc/ros2_ws/install/turtlesim/include/turtlesim/turtlesim/srv/detail/set_pen__struct.hpp
[8.823s] -- Up-to-date: /home/wurc/ros2_ws/install/turtlesim/include/turtlesim/turtlesim/srv/detail/teleport_absolute__builder.hpp
[8.824s] -- Up-to-date: /home/wurc/ros2_ws/install/turtlesim/include/turtlesim/turtlesim/srv/detail/set_pen__traits.hpp
[8.824s] -- Up-to-date: /home/wurc/ros2_ws/install/turtlesim/include/turtlesim/turtlesim/srv/detail/spawn__type_support.hpp
[8.824s] -- Up-to-date: /home/wurc/ros2_ws/install/turtlesim/include/turtlesim/turtlesim/srv/detail/set_pen__type_support.hpp
[8.824s] -- Up-to-date: /home/wurc/ros2_ws/install/turtlesim/include/turtlesim/turtlesim/srv/detail/kill__type_support.hpp
[8.824s] -- Up-to-date: /home/wurc/ros2_ws/install/turtlesim/include/turtlesim/turtlesim/srv/detail/teleport_relative__struct.hpp
[8.824s] -- Up-to-date: /home/wurc/ros2_ws/install/turtlesim/include/turtlesim/turtlesim/srv/detail/spawn__struct.hpp
[8.824s] -- Up-to-date: /home/wurc/ros2_ws/install/turtlesim/include/turtlesim/turtlesim/srv/detail/spawn__traits.hpp
[8.824s] -- Up-to-date: /home/wurc/ros2_ws/install/turtlesim/include/turtlesim/turtlesim/srv/detail/teleport_relative__builder.hpp
[8.824s] -- Up-to-date: /home/wurc/ros2_ws/install/turtlesim/include/turtlesim/turtlesim/srv/detail/teleport_relative__traits.hpp
[8.824s] -- Up-to-date: /home/wurc/ros2_ws/install/turtlesim/include/turtlesim/turtlesim/srv/detail/set_pen__builder.hpp
[8.824s] -- Up-to-date: /home/wurc/ros2_ws/install/turtlesim/include/turtlesim/turtlesim/srv/detail/teleport_absolute__type_support.hpp
[8.825s] -- Up-to-date: /home/wurc/ros2_ws/install/turtlesim/include/turtlesim/turtlesim/action
[8.825s] -- Up-to-date: /home/wurc/ros2_ws/install/turtlesim/include/turtlesim/turtlesim/action/detail
[8.825s] -- Up-to-date: /home/wurc/ros2_ws/install/turtlesim/include/turtlesim/turtlesim/action/detail/rotate_absolute__builder.hpp
[8.825s] -- Up-to-date: /home/wurc/ros2_ws/install/turtlesim/include/turtlesim/turtlesim/action/detail/rotate_absolute__struct.hpp
[8.825s] -- Up-to-date: /home/wurc/ros2_ws/install/turtlesim/include/turtlesim/turtlesim/action/detail/rotate_absolute__traits.hpp
[8.825s] -- Up-to-date: /home/wurc/ros2_ws/install/turtlesim/include/turtlesim/turtlesim/action/detail/rotate_absolute__type_support.hpp
[8.825s] -- Up-to-date: /home/wurc/ros2_ws/install/turtlesim/include/turtlesim/turtlesim/action/rotate_absolute.hpp
[8.825s] -- Up-to-date: /home/wurc/ros2_ws/install/turtlesim/include/turtlesim/turtlesim
[8.825s] -- Up-to-date: /home/wurc/ros2_ws/install/turtlesim/include/turtlesim/turtlesim/msg
[8.825s] -- Up-to-date: /home/wurc/ros2_ws/install/turtlesim/include/turtlesim/turtlesim/msg/rosidl_typesupport_fastrtps_cpp__visibility_control.h
[8.825s] -- Up-to-date: /home/wurc/ros2_ws/install/turtlesim/include/turtlesim/turtlesim/msg/detail
[8.826s] -- Up-to-date: /home/wurc/ros2_ws/install/turtlesim/include/turtlesim/turtlesim/msg/detail/dds_fastrtps
[8.826s] -- Up-to-date: /home/wurc/ros2_ws/install/turtlesim/include/turtlesim/turtlesim/msg/detail/pose__rosidl_typesupport_fastrtps_cpp.hpp
[8.826s] -- Up-to-date: /home/wurc/ros2_ws/install/turtlesim/include/turtlesim/turtlesim/msg/detail/color__rosidl_typesupport_fastrtps_cpp.hpp
[8.826s] -- Up-to-date: /home/wurc/ros2_ws/install/turtlesim/include/turtlesim/turtlesim/srv
[8.826s] -- Up-to-date: /home/wurc/ros2_ws/install/turtlesim/include/turtlesim/turtlesim/srv/detail
[8.826s] -- Up-to-date: /home/wurc/ros2_ws/install/turtlesim/include/turtlesim/turtlesim/srv/detail/dds_fastrtps
[8.826s] -- Up-to-date: /home/wurc/ros2_ws/install/turtlesim/include/turtlesim/turtlesim/srv/detail/teleport_relative__rosidl_typesupport_fastrtps_cpp.hpp
[8.826s] -- Up-to-date: /home/wurc/ros2_ws/install/turtlesim/include/turtlesim/turtlesim/srv/detail/spawn__rosidl_typesupport_fastrtps_cpp.hpp
[8.826s] -- Up-to-date: /home/wurc/ros2_ws/install/turtlesim/include/turtlesim/turtlesim/srv/detail/kill__rosidl_typesupport_fastrtps_cpp.hpp
[8.826s] -- Up-to-date: /home/wurc/ros2_ws/install/turtlesim/include/turtlesim/turtlesim/srv/detail/set_pen__rosidl_typesupport_fastrtps_cpp.hpp
[8.826s] -- Up-to-date: /home/wurc/ros2_ws/install/turtlesim/include/turtlesim/turtlesim/srv/detail/teleport_absolute__rosidl_typesupport_fastrtps_cpp.hpp
[8.827s] -- Up-to-date: /home/wurc/ros2_ws/install/turtlesim/include/turtlesim/turtlesim/action
[8.827s] -- Up-to-date: /home/wurc/ros2_ws/install/turtlesim/include/turtlesim/turtlesim/action/detail
[8.827s] -- Up-to-date: /home/wurc/ros2_ws/install/turtlesim/include/turtlesim/turtlesim/action/detail/dds_fastrtps
[8.827s] -- Up-to-date: /home/wurc/ros2_ws/install/turtlesim/include/turtlesim/turtlesim/action/detail/rotate_absolute__rosidl_typesupport_fastrtps_cpp.hpp
[8.827s] -- Up-to-date: /home/wurc/ros2_ws/install/turtlesim/lib/libturtlesim__rosidl_typesupport_fastrtps_cpp.so
[8.827s] -- Up-to-date: /home/wurc/ros2_ws/install/turtlesim/include/turtlesim/turtlesim
[8.827s] -- Up-to-date: /home/wurc/ros2_ws/install/turtlesim/include/turtlesim/turtlesim/msg
[8.827s] -- Up-to-date: /home/wurc/ros2_ws/install/turtlesim/include/turtlesim/turtlesim/msg/rosidl_typesupport_introspection_c__visibility_control.h
[8.827s] -- Up-to-date: /home/wurc/ros2_ws/install/turtlesim/include/turtlesim/turtlesim/msg/detail
[8.827s] -- Up-to-date: /home/wurc/ros2_ws/install/turtlesim/include/turtlesim/turtlesim/msg/detail/color__type_support.c
[8.827s] -- Up-to-date: /home/wurc/ros2_ws/install/turtlesim/include/turtlesim/turtlesim/msg/detail/pose__type_support.c
[8.827s] -- Up-to-date: /home/wurc/ros2_ws/install/turtlesim/include/turtlesim/turtlesim/msg/detail/color__rosidl_typesupport_introspection_c.h
[8.828s] -- Up-to-date: /home/wurc/ros2_ws/install/turtlesim/include/turtlesim/turtlesim/msg/detail/pose__rosidl_typesupport_introspection_c.h
[8.828s] -- Up-to-date: /home/wurc/ros2_ws/install/turtlesim/include/turtlesim/turtlesim/srv
[8.828s] -- Up-to-date: /home/wurc/ros2_ws/install/turtlesim/include/turtlesim/turtlesim/srv/detail
[8.828s] -- Up-to-date: /home/wurc/ros2_ws/install/turtlesim/include/turtlesim/turtlesim/srv/detail/spawn__rosidl_typesupport_introspection_c.h
[8.828s] -- Up-to-date: /home/wurc/ros2_ws/install/turtlesim/include/turtlesim/turtlesim/srv/detail/set_pen__type_support.c
[8.828s] -- Up-to-date: /home/wurc/ros2_ws/install/turtlesim/include/turtlesim/turtlesim/srv/detail/teleport_absolute__type_support.c
[8.828s] -- Up-to-date: /home/wurc/ros2_ws/install/turtlesim/include/turtlesim/turtlesim/srv/detail/teleport_relative__type_support.c
[8.828s] -- Up-to-date: /home/wurc/ros2_ws/install/turtlesim/include/turtlesim/turtlesim/srv/detail/teleport_absolute__rosidl_typesupport_introspection_c.h
[8.828s] -- Up-to-date: /home/wurc/ros2_ws/install/turtlesim/include/turtlesim/turtlesim/srv/detail/set_pen__rosidl_typesupport_introspection_c.h
[8.828s] -- Up-to-date: /home/wurc/ros2_ws/install/turtlesim/include/turtlesim/turtlesim/srv/detail/kill__rosidl_typesupport_introspection_c.h
[8.829s] -- Up-to-date: /home/wurc/ros2_ws/install/turtlesim/include/turtlesim/turtlesim/srv/detail/spawn__type_support.c
[8.829s] -- Up-to-date: /home/wurc/ros2_ws/install/turtlesim/include/turtlesim/turtlesim/srv/detail/teleport_relative__rosidl_typesupport_introspection_c.h
[8.829s] -- Up-to-date: /home/wurc/ros2_ws/install/turtlesim/include/turtlesim/turtlesim/srv/detail/kill__type_support.c
[8.829s] -- Up-to-date: /home/wurc/ros2_ws/install/turtlesim/include/turtlesim/turtlesim/action
[8.829s] -- Up-to-date: /home/wurc/ros2_ws/install/turtlesim/include/turtlesim/turtlesim/action/detail
[8.829s] -- Up-to-date: /home/wurc/ros2_ws/install/turtlesim/include/turtlesim/turtlesim/action/detail/rotate_absolute__rosidl_typesupport_introspection_c.h
[8.829s] -- Up-to-date: /home/wurc/ros2_ws/install/turtlesim/include/turtlesim/turtlesim/action/detail/rotate_absolute__type_support.c
[8.829s] -- Up-to-date: /home/wurc/ros2_ws/install/turtlesim/lib/libturtlesim__rosidl_typesupport_introspection_c.so
[8.829s] -- Up-to-date: /home/wurc/ros2_ws/install/turtlesim/lib/libturtlesim__rosidl_typesupport_c.so
[8.829s] -- Up-to-date: /home/wurc/ros2_ws/install/turtlesim/include/turtlesim/turtlesim
[8.829s] -- Up-to-date: /home/wurc/ros2_ws/install/turtlesim/include/turtlesim/turtlesim/msg
[8.829s] -- Up-to-date: /home/wurc/ros2_ws/install/turtlesim/include/turtlesim/turtlesim/msg/detail
[8.829s] -- Up-to-date: /home/wurc/ros2_ws/install/turtlesim/include/turtlesim/turtlesim/msg/detail/color__rosidl_typesupport_introspection_cpp.hpp
[8.829s] -- Up-to-date: /home/wurc/ros2_ws/install/turtlesim/include/turtlesim/turtlesim/msg/detail/color__type_support.cpp
[8.829s] -- Up-to-date: /home/wurc/ros2_ws/install/turtlesim/include/turtlesim/turtlesim/msg/detail/pose__rosidl_typesupport_introspection_cpp.hpp
[8.829s] -- Up-to-date: /home/wurc/ros2_ws/install/turtlesim/include/turtlesim/turtlesim/msg/detail/pose__type_support.cpp
[8.829s] -- Up-to-date: /home/wurc/ros2_ws/install/turtlesim/include/turtlesim/turtlesim/srv
[8.829s] -- Up-to-date: /home/wurc/ros2_ws/install/turtlesim/include/turtlesim/turtlesim/srv/detail
[8.829s] -- Up-to-date: /home/wurc/ros2_ws/install/turtlesim/include/turtlesim/turtlesim/srv/detail/spawn__rosidl_typesupport_introspection_cpp.hpp
[8.829s] -- Up-to-date: /home/wurc/ros2_ws/install/turtlesim/include/turtlesim/turtlesim/srv/detail/teleport_absolute__rosidl_typesupport_introspection_cpp.hpp
[8.829s] -- Up-to-date: /home/wurc/ros2_ws/install/turtlesim/include/turtlesim/turtlesim/srv/detail/teleport_absolute__type_support.cpp
[8.829s] -- Up-to-date: /home/wurc/ros2_ws/install/turtlesim/include/turtlesim/turtlesim/srv/detail/teleport_relative__rosidl_typesupport_introspection_cpp.hpp
[8.829s] -- Up-to-date: /home/wurc/ros2_ws/install/turtlesim/include/turtlesim/turtlesim/srv/detail/kill__rosidl_typesupport_introspection_cpp.hpp
[8.830s] -- Up-to-date: /home/wurc/ros2_ws/install/turtlesim/include/turtlesim/turtlesim/srv/detail/set_pen__type_support.cpp
[8.830s] -- Up-to-date: /home/wurc/ros2_ws/install/turtlesim/include/turtlesim/turtlesim/srv/detail/teleport_relative__type_support.cpp
[8.830s] -- Up-to-date: /home/wurc/ros2_ws/install/turtlesim/include/turtlesim/turtlesim/srv/detail/set_pen__rosidl_typesupport_introspection_cpp.hpp
[8.830s] -- Up-to-date: /home/wurc/ros2_ws/install/turtlesim/include/turtlesim/turtlesim/srv/detail/kill__type_support.cpp
[8.830s] -- Up-to-date: /home/wurc/ros2_ws/install/turtlesim/include/turtlesim/turtlesim/srv/detail/spawn__type_support.cpp
[8.830s] -- Up-to-date: /home/wurc/ros2_ws/install/turtlesim/include/turtlesim/turtlesim/action
[8.830s] -- Up-to-date: /home/wurc/ros2_ws/install/turtlesim/include/turtlesim/turtlesim/action/detail
[8.830s] -- Up-to-date: /home/wurc/ros2_ws/install/turtlesim/include/turtlesim/turtlesim/action/detail/rotate_absolute__rosidl_typesupport_introspection_cpp.hpp
[8.830s] -- Up-to-date: /home/wurc/ros2_ws/install/turtlesim/include/turtlesim/turtlesim/action/detail/rotate_absolute__type_support.cpp
[8.830s] -- Up-to-date: /home/wurc/ros2_ws/install/turtlesim/lib/libturtlesim__rosidl_typesupport_introspection_cpp.so
[8.830s] -- Up-to-date: /home/wurc/ros2_ws/install/turtlesim/lib/libturtlesim__rosidl_typesupport_cpp.so
[8.830s] -- Up-to-date: /home/wurc/ros2_ws/install/turtlesim/share/turtlesim/environment/pythonpath.sh
[8.830s] -- Up-to-date: /home/wurc/ros2_ws/install/turtlesim/share/turtlesim/environment/pythonpath.dsv
[8.830s] -- Up-to-date: /home/wurc/ros2_ws/install/turtlesim/lib/python3.12/site-packages/turtlesim-1.8.3-py3.12.egg-info
[8.830s] -- Installing: /home/wurc/ros2_ws/install/turtlesim/lib/python3.12/site-packages/turtlesim-1.8.3-py3.12.egg-info/dependency_links.txt
[8.830s] -- Installing: /home/wurc/ros2_ws/install/turtlesim/lib/python3.12/site-packages/turtlesim-1.8.3-py3.12.egg-info/top_level.txt
[8.830s] -- Installing: /home/wurc/ros2_ws/install/turtlesim/lib/python3.12/site-packages/turtlesim-1.8.3-py3.12.egg-info/PKG-INFO
[8.830s] -- Installing: /home/wurc/ros2_ws/install/turtlesim/lib/python3.12/site-packages/turtlesim-1.8.3-py3.12.egg-info/SOURCES.txt
[8.830s] -- Up-to-date: /home/wurc/ros2_ws/install/turtlesim/lib/python3.12/site-packages/turtlesim
[8.830s] -- Up-to-date: /home/wurc/ros2_ws/install/turtlesim/lib/python3.12/site-packages/turtlesim/turtlesim_s__rosidl_typesupport_c.so
[8.830s] -- Up-to-date: /home/wurc/ros2_ws/install/turtlesim/lib/python3.12/site-packages/turtlesim/msg
[8.830s] -- Up-to-date: /home/wurc/ros2_ws/install/turtlesim/lib/python3.12/site-packages/turtlesim/msg/_color_s.c
[8.830s] -- Up-to-date: /home/wurc/ros2_ws/install/turtlesim/lib/python3.12/site-packages/turtlesim/msg/_pose_s.c
[8.830s] -- Up-to-date: /home/wurc/ros2_ws/install/turtlesim/lib/python3.12/site-packages/turtlesim/msg/_pose.py
[8.831s] -- Up-to-date: /home/wurc/ros2_ws/install/turtlesim/lib/python3.12/site-packages/turtlesim/msg/_color.py
[8.831s] -- Up-to-date: /home/wurc/ros2_ws/install/turtlesim/lib/python3.12/site-packages/turtlesim/msg/__init__.py
[8.831s] -- Up-to-date: /home/wurc/ros2_ws/install/turtlesim/lib/python3.12/site-packages/turtlesim/srv
[8.831s] -- Up-to-date: /home/wurc/ros2_ws/install/turtlesim/lib/python3.12/site-packages/turtlesim/srv/_spawn_s.c
[8.831s] -- Up-to-date: /home/wurc/ros2_ws/install/turtlesim/lib/python3.12/site-packages/turtlesim/srv/_kill_s.c
[8.831s] -- Up-to-date: /home/wurc/ros2_ws/install/turtlesim/lib/python3.12/site-packages/turtlesim/srv/_kill.py
[8.831s] -- Up-to-date: /home/wurc/ros2_ws/install/turtlesim/lib/python3.12/site-packages/turtlesim/srv/_set_pen_s.c
[8.831s] -- Up-to-date: /home/wurc/ros2_ws/install/turtlesim/lib/python3.12/site-packages/turtlesim/srv/_teleport_absolute_s.c
[8.831s] -- Up-to-date: /home/wurc/ros2_ws/install/turtlesim/lib/python3.12/site-packages/turtlesim/srv/_teleport_absolute.py
[8.831s] -- Up-to-date: /home/wurc/ros2_ws/install/turtlesim/lib/python3.12/site-packages/turtlesim/srv/_teleport_relative_s.c
[8.831s] -- Up-to-date: /home/wurc/ros2_ws/install/turtlesim/lib/python3.12/site-packages/turtlesim/srv/_teleport_relative.py
[8.831s] -- Up-to-date: /home/wurc/ros2_ws/install/turtlesim/lib/python3.12/site-packages/turtlesim/srv/__init__.py
[8.831s] -- Up-to-date: /home/wurc/ros2_ws/install/turtlesim/lib/python3.12/site-packages/turtlesim/srv/_set_pen.py
[8.831s] -- Up-to-date: /home/wurc/ros2_ws/install/turtlesim/lib/python3.12/site-packages/turtlesim/srv/_spawn.py
[8.831s] -- Up-to-date: /home/wurc/ros2_ws/install/turtlesim/lib/python3.12/site-packages/turtlesim/_turtlesim_s.ep.rosidl_typesupport_c.c
[8.831s] -- Up-to-date: /home/wurc/ros2_ws/install/turtlesim/lib/python3.12/site-packages/turtlesim/_turtlesim_s.ep.rosidl_typesupport_fastrtps_c.c
[8.831s] -- Up-to-date: /home/wurc/ros2_ws/install/turtlesim/lib/python3.12/site-packages/turtlesim/turtlesim_s__rosidl_typesupport_fastrtps_c.so
[8.831s] -- Up-to-date: /home/wurc/ros2_ws/install/turtlesim/lib/python3.12/site-packages/turtlesim/_turtlesim_s.ep.rosidl_typesupport_introspection_c.c
[8.831s] -- Up-to-date: /home/wurc/ros2_ws/install/turtlesim/lib/python3.12/site-packages/turtlesim/action
[8.831s] -- Up-to-date: /home/wurc/ros2_ws/install/turtlesim/lib/python3.12/site-packages/turtlesim/action/_rotate_absolute_s.c
[8.831s] -- Up-to-date: /home/wurc/ros2_ws/install/turtlesim/lib/python3.12/site-packages/turtlesim/action/_rotate_absolute.py
[8.831s] -- Up-to-date: /home/wurc/ros2_ws/install/turtlesim/lib/python3.12/site-packages/turtlesim/action/__init__.py
[8.831s] -- Up-to-date: /home/wurc/ros2_ws/install/turtlesim/lib/python3.12/site-packages/turtlesim/turtlesim_s__rosidl_typesupport_introspection_c.so
[8.831s] -- Up-to-date: /home/wurc/ros2_ws/install/turtlesim/lib/python3.12/site-packages/turtlesim/__init__.py
[8.848s] Listing '/home/wurc/ros2_ws/install/turtlesim/lib/python3.12/site-packages/turtlesim'...
[8.848s] Listing '/home/wurc/ros2_ws/install/turtlesim/lib/python3.12/site-packages/turtlesim/action'...
[8.848s] Listing '/home/wurc/ros2_ws/install/turtlesim/lib/python3.12/site-packages/turtlesim/msg'...
[8.848s] Listing '/home/wurc/ros2_ws/install/turtlesim/lib/python3.12/site-packages/turtlesim/srv'...
[8.853s] -- Up-to-date: /home/wurc/ros2_ws/install/turtlesim/lib/python3.12/site-packages/turtlesim/turtlesim_s__rosidl_typesupport_fastrtps_c.so
[8.854s] -- Up-to-date: /home/wurc/ros2_ws/install/turtlesim/lib/python3.12/site-packages/turtlesim/turtlesim_s__rosidl_typesupport_introspection_c.so
[8.854s] -- Up-to-date: /home/wurc/ros2_ws/install/turtlesim/lib/python3.12/site-packages/turtlesim/turtlesim_s__rosidl_typesupport_c.so
[8.854s] -- Up-to-date: /home/wurc/ros2_ws/install/turtlesim/lib/libturtlesim__rosidl_generator_py.so
[8.855s] -- Up-to-date: /home/wurc/ros2_ws/install/turtlesim/share/turtlesim/action/RotateAbsolute.idl
[8.855s] -- Up-to-date: /home/wurc/ros2_ws/install/turtlesim/share/turtlesim/msg/Color.idl
[8.855s] -- Up-to-date: /home/wurc/ros2_ws/install/turtlesim/share/turtlesim/msg/Pose.idl
[8.855s] -- Up-to-date: /home/wurc/ros2_ws/install/turtlesim/share/turtlesim/srv/Kill.idl
[8.855s] -- Up-to-date: /home/wurc/ros2_ws/install/turtlesim/share/turtlesim/srv/SetPen.idl
[8.855s] -- Up-to-date: /home/wurc/ros2_ws/install/turtlesim/share/turtlesim/srv/Spawn.idl
[8.855s] -- Up-to-date: /home/wurc/ros2_ws/install/turtlesim/share/turtlesim/srv/TeleportAbsolute.idl
[8.855s] -- Up-to-date: /home/wurc/ros2_ws/install/turtlesim/share/turtlesim/srv/TeleportRelative.idl
[8.855s] -- Up-to-date: /home/wurc/ros2_ws/install/turtlesim/share/turtlesim/action/RotateAbsolute.action
[8.855s] -- Up-to-date: /home/wurc/ros2_ws/install/turtlesim/share/turtlesim/msg/Color.msg
[8.856s] -- Up-to-date: /home/wurc/ros2_ws/install/turtlesim/share/turtlesim/msg/Pose.msg
[8.856s] -- Up-to-date: /home/wurc/ros2_ws/install/turtlesim/share/turtlesim/srv/Kill.srv
[8.856s] -- Up-to-date: /home/wurc/ros2_ws/install/turtlesim/share/turtlesim/srv/SetPen.srv
[8.856s] -- Up-to-date: /home/wurc/ros2_ws/install/turtlesim/share/turtlesim/srv/Spawn.srv
[8.856s] -- Up-to-date: /home/wurc/ros2_ws/install/turtlesim/share/turtlesim/srv/TeleportAbsolute.srv
[8.856s] -- Up-to-date: /home/wurc/ros2_ws/install/turtlesim/share/turtlesim/srv/TeleportRelative.srv
[8.856s] -- Installing: /home/wurc/ros2_ws/install/turtlesim/lib/turtlesim/turtlesim_node
[8.864s] -- Set non-toolchain portion of runtime path of "/home/wurc/ros2_ws/install/turtlesim/lib/turtlesim/turtlesim_node" to ""
[8.864s] -- Up-to-date: /home/wurc/ros2_ws/install/turtlesim/lib/turtlesim/turtle_teleop_key
[8.865s] -- Up-to-date: /home/wurc/ros2_ws/install/turtlesim/lib/turtlesim/draw_square
[8.865s] -- Up-to-date: /home/wurc/ros2_ws/install/turtlesim/lib/turtlesim/mimic
[8.865s] -- Up-to-date: /home/wurc/ros2_ws/install/turtlesim/share/turtlesim/images
[8.865s] -- Up-to-date: /home/wurc/ros2_ws/install/turtlesim/share/turtlesim/images/humble.png
[8.865s] -- Up-to-date: /home/wurc/ros2_ws/install/turtlesim/share/turtlesim/images/rolling.png
[8.866s] -- Up-to-date: /home/wurc/ros2_ws/install/turtlesim/share/turtlesim/images/iron.png
[8.866s] -- Up-to-date: /home/wurc/ros2_ws/install/turtlesim/share/turtlesim/images/eloquent.png
[8.866s] -- Up-to-date: /home/wurc/ros2_ws/install/turtlesim/share/turtlesim/images/foxy.png
[8.866s] -- Up-to-date: /home/wurc/ros2_ws/install/turtlesim/share/turtlesim/images/jazzy.png
[8.866s] -- Up-to-date: /home/wurc/ros2_ws/install/turtlesim/share/turtlesim/images/galactic.png
[8.866s] -- Up-to-date: /home/wurc/ros2_ws/install/turtlesim/share/turtlesim/images/crystal.png
[8.866s] -- Up-to-date: /home/wurc/ros2_ws/install/turtlesim/share/turtlesim/images/ardent.png
[8.866s] -- Up-to-date: /home/wurc/ros2_ws/install/turtlesim/share/turtlesim/images/dashing.png
[8.866s] -- Up-to-date: /home/wurc/ros2_ws/install/turtlesim/share/turtlesim/images/bouncy.png
[8.866s] -- Up-to-date: /home/wurc/ros2_ws/install/turtlesim/share/turtlesim/launch
[8.866s] -- Up-to-date: /home/wurc/ros2_ws/install/turtlesim/share/turtlesim/launch/multisim.launch.py
[8.867s] -- Up-to-date: /home/wurc/ros2_ws/install/turtlesim/share/ament_index/resource_index/package_run_dependencies/turtlesim
[8.867s] -- Up-to-date: /home/wurc/ros2_ws/install/turtlesim/share/ament_index/resource_index/parent_prefix_path/turtlesim
[8.867s] -- Up-to-date: /home/wurc/ros2_ws/install/turtlesim/share/turtlesim/environment/ament_prefix_path.sh
[8.867s] -- Up-to-date: /home/wurc/ros2_ws/install/turtlesim/share/turtlesim/environment/ament_prefix_path.dsv
[8.867s] -- Up-to-date: /home/wurc/ros2_ws/install/turtlesim/share/turtlesim/environment/path.sh
[8.867s] -- Up-to-date: /home/wurc/ros2_ws/install/turtlesim/share/turtlesim/environment/path.dsv
[8.867s] -- Up-to-date: /home/wurc/ros2_ws/install/turtlesim/share/turtlesim/local_setup.bash
[8.867s] -- Up-to-date: /home/wurc/ros2_ws/install/turtlesim/share/turtlesim/local_setup.sh
[8.867s] -- Up-to-date: /home/wurc/ros2_ws/install/turtlesim/share/turtlesim/local_setup.zsh
[8.868s] -- Up-to-date: /home/wurc/ros2_ws/install/turtlesim/share/turtlesim/local_setup.dsv
[8.868s] -- Installing: /home/wurc/ros2_ws/install/turtlesim/share/turtlesim/package.dsv
[8.868s] -- Up-to-date: /home/wurc/ros2_ws/install/turtlesim/share/ament_index/resource_index/packages/turtlesim
[8.868s] -- Up-to-date: /home/wurc/ros2_ws/install/turtlesim/share/turtlesim/cmake/export_turtlesim__rosidl_generator_cExport.cmake
[8.868s] -- Up-to-date: /home/wurc/ros2_ws/install/turtlesim/share/turtlesim/cmake/export_turtlesim__rosidl_generator_cExport-noconfig.cmake
[8.868s] -- Up-to-date: /home/wurc/ros2_ws/install/turtlesim/share/turtlesim/cmake/export_turtlesim__rosidl_typesupport_fastrtps_cExport.cmake
[8.868s] -- Up-to-date: /home/wurc/ros2_ws/install/turtlesim/share/turtlesim/cmake/export_turtlesim__rosidl_typesupport_fastrtps_cExport-noconfig.cmake
[8.868s] -- Up-to-date: /home/wurc/ros2_ws/install/turtlesim/share/turtlesim/cmake/export_turtlesim__rosidl_generator_cppExport.cmake
[8.868s] -- Up-to-date: /home/wurc/ros2_ws/install/turtlesim/share/turtlesim/cmake/export_turtlesim__rosidl_typesupport_fastrtps_cppExport.cmake
[8.868s] -- Up-to-date: /home/wurc/ros2_ws/install/turtlesim/share/turtlesim/cmake/export_turtlesim__rosidl_typesupport_fastrtps_cppExport-noconfig.cmake
[8.869s] -- Up-to-date: /home/wurc/ros2_ws/install/turtlesim/share/turtlesim/cmake/turtlesim__rosidl_typesupport_introspection_cExport.cmake
[8.869s] -- Up-to-date: /home/wurc/ros2_ws/install/turtlesim/share/turtlesim/cmake/turtlesim__rosidl_typesupport_introspection_cExport-noconfig.cmake
[8.869s] -- Up-to-date: /home/wurc/ros2_ws/install/turtlesim/share/turtlesim/cmake/turtlesim__rosidl_typesupport_cExport.cmake
[8.869s] -- Up-to-date: /home/wurc/ros2_ws/install/turtlesim/share/turtlesim/cmake/turtlesim__rosidl_typesupport_cExport-noconfig.cmake
[8.869s] -- Up-to-date: /home/wurc/ros2_ws/install/turtlesim/share/turtlesim/cmake/turtlesim__rosidl_typesupport_introspection_cppExport.cmake
[8.869s] -- Up-to-date: /home/wurc/ros2_ws/install/turtlesim/share/turtlesim/cmake/turtlesim__rosidl_typesupport_introspection_cppExport-noconfig.cmake
[8.869s] -- Up-to-date: /home/wurc/ros2_ws/install/turtlesim/share/turtlesim/cmake/turtlesim__rosidl_typesupport_cppExport.cmake
[8.869s] -- Up-to-date: /home/wurc/ros2_ws/install/turtlesim/share/turtlesim/cmake/turtlesim__rosidl_typesupport_cppExport-noconfig.cmake
[8.869s] -- Up-to-date: /home/wurc/ros2_ws/install/turtlesim/share/turtlesim/cmake/export_turtlesim__rosidl_generator_pyExport.cmake
[8.870s] -- Up-to-date: /home/wurc/ros2_ws/install/turtlesim/share/turtlesim/cmake/export_turtlesim__rosidl_generator_pyExport-noconfig.cmake
[8.870s] -- Up-to-date: /home/wurc/ros2_ws/install/turtlesim/share/turtlesim/cmake/rosidl_cmake-extras.cmake
[8.870s] -- Up-to-date: /home/wurc/ros2_ws/install/turtlesim/share/turtlesim/cmake/ament_cmake_export_dependencies-extras.cmake
[8.870s] -- Up-to-date: /home/wurc/ros2_ws/install/turtlesim/share/turtlesim/cmake/ament_cmake_export_include_directories-extras.cmake
[8.870s] -- Up-to-date: /home/wurc/ros2_ws/install/turtlesim/share/turtlesim/cmake/ament_cmake_export_libraries-extras.cmake
[8.870s] -- Up-to-date: /home/wurc/ros2_ws/install/turtlesim/share/turtlesim/cmake/ament_cmake_export_targets-extras.cmake
[8.870s] -- Up-to-date: /home/wurc/ros2_ws/install/turtlesim/share/turtlesim/cmake/rosidl_cmake_export_typesupport_targets-extras.cmake
[8.870s] -- Up-to-date: /home/wurc/ros2_ws/install/turtlesim/share/turtlesim/cmake/rosidl_cmake_export_typesupport_libraries-extras.cmake
[8.870s] -- Up-to-date: /home/wurc/ros2_ws/install/turtlesim/share/turtlesim/cmake/turtlesimConfig.cmake
[8.870s] -- Up-to-date: /home/wurc/ros2_ws/install/turtlesim/share/turtlesim/cmake/turtlesimConfig-version.cmake
[8.870s] -- Up-to-date: /home/wurc/ros2_ws/install/turtlesim/share/turtlesim/package.xml
[8.871s] Invoked command in '/home/wurc/ros2_ws/build/turtlesim' returned '0': CMAKE_PREFIX_PATH=${CMAKE_PREFIX_PATH}:/opt/ros/jazzy DEBUGINFOD_URLS=https://debuginfod.ubuntu.com /usr/bin/cmake --install /home/wurc/ros2_ws/build/turtlesim
