[0.026s] Invoking command in '/home/wurc/ros2_ws/build/cpp_pubsub': CMAKE_PREFIX_PATH=${CMAKE_PREFIX_PATH}:/opt/ros/jazzy DEBUGINFOD_URLS=https://debuginfod.ubuntu.com /usr/bin/cmake --build /home/wurc/ros2_ws/build/cpp_pubsub -- -j16 -l16
[0.055s] -- Found ament_cmake: 2.5.4 (/opt/ros/jazzy/share/ament_cmake/cmake)
[0.283s] -- Found rclcpp: 28.1.10 (/opt/ros/jazzy/share/rclcpp/cmake)
[0.324s] -- Found rosidl_generator_c: 4.6.5 (/opt/ros/jazzy/share/rosidl_generator_c/cmake)
[0.332s] -- Found rosidl_generator_cpp: 4.6.5 (/opt/ros/jazzy/share/rosidl_generator_cpp/cmake)
[0.343s] -- Using all available rosidl_typesupport_c: rosidl_typesupport_fastrtps_c;rosidl_typesupport_introspection_c
[0.357s] -- Using all available rosidl_typesupport_cpp: rosidl_typesupport_fastrtps_cpp;rosidl_typesupport_introspection_cpp
[0.440s] -- Found rmw_implementation_cmake: 7.3.2 (/opt/ros/jazzy/share/rmw_implementation_cmake/cmake)
[0.442s] -- Found rmw_fastrtps_cpp: 8.4.2 (/opt/ros/jazzy/share/rmw_fastrtps_cpp/cmake)
[0.517s] -- Using RMW implementation 'rmw_fastrtps_cpp' as default
[0.579s] -- Found std_msgs: 5.3.6 (/opt/ros/jazzy/share/std_msgs/cmake)
[0.688s] -- Configuring done (0.6s)
[0.710s] -- Generating done (0.0s)
[0.717s] -- Build files have been written to: /home/wurc/ros2_ws/build/cpp_pubsub
[0.791s] [ 25%] [32mBuilding CXX object CMakeFiles/listener.dir/src/subscriber_lambda_function.cpp.o[0m
[0.793s] [ 75%] Built target talker
[10.029s] [100%] [32m[1mLinking CXX executable listener[0m
[10.323s] [100%] Built target listener
[10.349s] Invoked command in '/home/wurc/ros2_ws/build/cpp_pubsub' returned '0': CMAKE_PREFIX_PATH=${CMAKE_PREFIX_PATH}:/opt/ros/jazzy DEBUGINFOD_URLS=https://debuginfod.ubuntu.com /usr/bin/cmake --build /home/wurc/ros2_ws/build/cpp_pubsub -- -j16 -l16
[10.361s] Invoking command in '/home/wurc/ros2_ws/build/cpp_pubsub': CMAKE_PREFIX_PATH=${CMAKE_PREFIX_PATH}:/opt/ros/jazzy DEBUGINFOD_URLS=https://debuginfod.ubuntu.com /usr/bin/cmake --install /home/wurc/ros2_ws/build/cpp_pubsub
[10.371s] -- Install configuration: ""
[10.371s] -- Up-to-date: /home/wurc/ros2_ws/install/cpp_pubsub/lib/cpp_pubsub/talker
[10.372s] -- Installing: /home/wurc/ros2_ws/install/cpp_pubsub/lib/cpp_pubsub/listener
[10.375s] -- Set non-toolchain portion of runtime path of "/home/wurc/ros2_ws/install/cpp_pubsub/lib/cpp_pubsub/listener" to ""
[10.376s] -- Up-to-date: /home/wurc/ros2_ws/install/cpp_pubsub/share/ament_index/resource_index/package_run_dependencies/cpp_pubsub
[10.376s] -- Up-to-date: /home/wurc/ros2_ws/install/cpp_pubsub/share/ament_index/resource_index/parent_prefix_path/cpp_pubsub
[10.376s] -- Up-to-date: /home/wurc/ros2_ws/install/cpp_pubsub/share/cpp_pubsub/environment/ament_prefix_path.sh
[10.377s] -- Up-to-date: /home/wurc/ros2_ws/install/cpp_pubsub/share/cpp_pubsub/environment/ament_prefix_path.dsv
[10.377s] -- Up-to-date: /home/wurc/ros2_ws/install/cpp_pubsub/share/cpp_pubsub/environment/path.sh
[10.377s] -- Up-to-date: /home/wurc/ros2_ws/install/cpp_pubsub/share/cpp_pubsub/environment/path.dsv
[10.377s] -- Up-to-date: /home/wurc/ros2_ws/install/cpp_pubsub/share/cpp_pubsub/local_setup.bash
[10.377s] -- Up-to-date: /home/wurc/ros2_ws/install/cpp_pubsub/share/cpp_pubsub/local_setup.sh
[10.377s] -- Up-to-date: /home/wurc/ros2_ws/install/cpp_pubsub/share/cpp_pubsub/local_setup.zsh
[10.377s] -- Up-to-date: /home/wurc/ros2_ws/install/cpp_pubsub/share/cpp_pubsub/local_setup.dsv
[10.377s] -- Installing: /home/wurc/ros2_ws/install/cpp_pubsub/share/cpp_pubsub/package.dsv
[10.377s] -- Up-to-date: /home/wurc/ros2_ws/install/cpp_pubsub/share/ament_index/resource_index/packages/cpp_pubsub
[10.377s] -- Up-to-date: /home/wurc/ros2_ws/install/cpp_pubsub/share/cpp_pubsub/cmake/cpp_pubsubConfig.cmake
[10.378s] -- Up-to-date: /home/wurc/ros2_ws/install/cpp_pubsub/share/cpp_pubsub/cmake/cpp_pubsubConfig-version.cmake
[10.378s] -- Up-to-date: /home/wurc/ros2_ws/install/cpp_pubsub/share/cpp_pubsub/package.xml
[10.379s] Invoked command in '/home/wurc/ros2_ws/build/cpp_pubsub' returned '0': CMAKE_PREFIX_PATH=${CMAKE_PREFIX_PATH}:/opt/ros/jazzy DEBUGINFOD_URLS=https://debuginfod.ubuntu.com /usr/bin/cmake --install /home/wurc/ros2_ws/build/cpp_pubsub
