[0.023s] Invoking command in '/home/wurc/ros2_ws/build/cpp_pubsub': CMAKE_PREFIX_PATH=${CMAKE_PREFIX_PATH}:/opt/ros/jazzy DEBUGINFOD_URLS=https://debuginfod.ubuntu.com /usr/bin/cmake /home/wurc/ros2_ws/src/cpp_pubsub -DCMAKE_INSTALL_PREFIX=/home/wurc/ros2_ws/install/cpp_pubsub
[0.090s] -- The C compiler identification is GNU 13.3.0
[0.169s] -- The CXX compiler identification is GNU 13.3.0
[0.194s] -- Detecting C compiler ABI info
[0.311s] -- Detecting C compiler ABI info - done
[0.320s] -- Check for working C compiler: /usr/bin/cc - skipped
[0.320s] -- Detecting C compile features
[0.321s] -- Detecting C compile features - done
[0.333s] -- Detecting CXX compiler ABI info
[0.477s] -- Detecting CXX compiler ABI info - done
[0.485s] -- Check for working CXX compiler: /usr/bin/c++ - skipped
[0.485s] -- Detecting CXX compile features
[0.485s] -- Detecting CXX compile features - done
[0.488s] -- Found ament_cmake: 2.5.4 (/opt/ros/jazzy/share/ament_cmake/cmake)
[0.711s] -- Found Python3: /usr/bin/python3 (found version "3.12.3") found components: Interpreter 
[0.903s] -- Found rclcpp: 28.1.10 (/opt/ros/jazzy/share/rclcpp/cmake)
[1.003s] -- Found rosidl_generator_c: 4.6.5 (/opt/ros/jazzy/share/rosidl_generator_c/cmake)
[1.034s] -- Found rosidl_generator_cpp: 4.6.5 (/opt/ros/jazzy/share/rosidl_generator_cpp/cmake)
[1.069s] -- Using all available rosidl_typesupport_c: rosidl_typesupport_fastrtps_c;rosidl_typesupport_introspection_c
[1.109s] -- Using all available rosidl_typesupport_cpp: rosidl_typesupport_fastrtps_cpp;rosidl_typesupport_introspection_cpp
[1.310s] -- Found rmw_implementation_cmake: 7.3.2 (/opt/ros/jazzy/share/rmw_implementation_cmake/cmake)
[1.322s] -- Found rmw_fastrtps_cpp: 8.4.2 (/opt/ros/jazzy/share/rmw_fastrtps_cpp/cmake)
[1.480s] -- Found OpenSSL: /usr/lib/x86_64-linux-gnu/libcrypto.so (found version "3.0.13")  
[1.515s] -- Found FastRTPS: /opt/ros/jazzy/include (Required is at least version "2.13") 
[1.544s] -- Using RMW implementation 'rmw_fastrtps_cpp' as default
[1.678s] -- Found std_msgs: 5.3.6 (/opt/ros/jazzy/share/std_msgs/cmake)
[1.815s] -- Configuring done (1.8s)
[1.857s] -- Generating done (0.0s)
[1.862s] -- Build files have been written to: /home/wurc/ros2_ws/build/cpp_pubsub
[1.871s] Invoked command in '/home/wurc/ros2_ws/build/cpp_pubsub' returned '0': CMAKE_PREFIX_PATH=${CMAKE_PREFIX_PATH}:/opt/ros/jazzy DEBUGINFOD_URLS=https://debuginfod.ubuntu.com /usr/bin/cmake /home/wurc/ros2_ws/src/cpp_pubsub -DCMAKE_INSTALL_PREFIX=/home/wurc/ros2_ws/install/cpp_pubsub
[1.873s] Invoking command in '/home/wurc/ros2_ws/build/cpp_pubsub': CMAKE_PREFIX_PATH=${CMAKE_PREFIX_PATH}:/opt/ros/jazzy DEBUGINFOD_URLS=https://debuginfod.ubuntu.com /usr/bin/cmake --build /home/wurc/ros2_ws/build/cpp_pubsub -- -j16 -l16
[1.964s] [ 50%] [32mBuilding CXX object CMakeFiles/talker.dir/src/publisher_lambda_function.cpp.o[0m
[9.129s] [100%] [32m[1mLinking CXX executable talker[0m
[9.389s] [100%] Built target talker
[9.403s] Invoked command in '/home/wurc/ros2_ws/build/cpp_pubsub' returned '0': CMAKE_PREFIX_PATH=${CMAKE_PREFIX_PATH}:/opt/ros/jazzy DEBUGINFOD_URLS=https://debuginfod.ubuntu.com /usr/bin/cmake --build /home/wurc/ros2_ws/build/cpp_pubsub -- -j16 -l16
[9.415s] Invoking command in '/home/wurc/ros2_ws/build/cpp_pubsub': CMAKE_PREFIX_PATH=${CMAKE_PREFIX_PATH}:/opt/ros/jazzy DEBUGINFOD_URLS=https://debuginfod.ubuntu.com /usr/bin/cmake --install /home/wurc/ros2_ws/build/cpp_pubsub
[9.423s] -- Install configuration: ""
[9.423s] -- Installing: /home/wurc/ros2_ws/install/cpp_pubsub/lib/cpp_pubsub/talker
[9.425s] -- Set non-toolchain portion of runtime path of "/home/wurc/ros2_ws/install/cpp_pubsub/lib/cpp_pubsub/talker" to ""
[9.425s] -- Installing: /home/wurc/ros2_ws/install/cpp_pubsub/share/ament_index/resource_index/package_run_dependencies/cpp_pubsub
[9.426s] -- Installing: /home/wurc/ros2_ws/install/cpp_pubsub/share/ament_index/resource_index/parent_prefix_path/cpp_pubsub
[9.426s] -- Installing: /home/wurc/ros2_ws/install/cpp_pubsub/share/cpp_pubsub/environment/ament_prefix_path.sh
[9.426s] -- Installing: /home/wurc/ros2_ws/install/cpp_pubsub/share/cpp_pubsub/environment/ament_prefix_path.dsv
[9.426s] -- Installing: /home/wurc/ros2_ws/install/cpp_pubsub/share/cpp_pubsub/environment/path.sh
[9.427s] -- Installing: /home/wurc/ros2_ws/install/cpp_pubsub/share/cpp_pubsub/environment/path.dsv
[9.427s] -- Installing: /home/wurc/ros2_ws/install/cpp_pubsub/share/cpp_pubsub/local_setup.bash
[9.427s] -- Installing: /home/wurc/ros2_ws/install/cpp_pubsub/share/cpp_pubsub/local_setup.sh
[9.427s] -- Installing: /home/wurc/ros2_ws/install/cpp_pubsub/share/cpp_pubsub/local_setup.zsh
[9.427s] -- Installing: /home/wurc/ros2_ws/install/cpp_pubsub/share/cpp_pubsub/local_setup.dsv
[9.428s] -- Installing: /home/wurc/ros2_ws/install/cpp_pubsub/share/cpp_pubsub/package.dsv
[9.428s] -- Installing: /home/wurc/ros2_ws/install/cpp_pubsub/share/ament_index/resource_index/packages/cpp_pubsub
[9.428s] -- Installing: /home/wurc/ros2_ws/install/cpp_pubsub/share/cpp_pubsub/cmake/cpp_pubsubConfig.cmake
[9.428s] -- Installing: /home/wurc/ros2_ws/install/cpp_pubsub/share/cpp_pubsub/cmake/cpp_pubsubConfig-version.cmake
[9.428s] -- Installing: /home/wurc/ros2_ws/install/cpp_pubsub/share/cpp_pubsub/package.xml
[9.430s] Invoked command in '/home/wurc/ros2_ws/build/cpp_pubsub' returned '0': CMAKE_PREFIX_PATH=${CMAKE_PREFIX_PATH}:/opt/ros/jazzy DEBUGINFOD_URLS=https://debuginfod.ubuntu.com /usr/bin/cmake --install /home/wurc/ros2_ws/build/cpp_pubsub
