-- Found ament_cmake: 2.5.4 (/opt/ros/jazzy/share/ament_cmake/cmake)
-- Found rclcpp: 28.1.10 (/opt/ros/jazzy/share/rclcpp/cmake)
-- Found rosidl_generator_c: 4.6.5 (/opt/ros/jazzy/share/rosidl_generator_c/cmake)
-- Found rosidl_generator_cpp: 4.6.5 (/opt/ros/jazzy/share/rosidl_generator_cpp/cmake)
-- Using all available rosidl_typesupport_c: rosidl_typesupport_fastrtps_c;rosidl_typesupport_introspection_c
-- Using all available rosidl_typesupport_cpp: rosidl_typesupport_fastrtps_cpp;rosidl_typesupport_introspection_cpp
-- Found rmw_implementation_cmake: 7.3.2 (/opt/ros/jazzy/share/rmw_implementation_cmake/cmake)
-- Found rmw_fastrtps_cpp: 8.4.2 (/opt/ros/jazzy/share/rmw_fastrtps_cpp/cmake)
-- Using RMW implementation 'rmw_fastrtps_cpp' as default
-- Found example_interfaces: 0.12.0 (/opt/ros/jazzy/share/example_interfaces/cmake)
-- Configuring done (0.4s)
-- Generating done (0.0s)
-- Build files have been written to: /home/wurc/ros2_ws/build/cpp_srvcli
[ 25%] [32mBuilding CXX object CMakeFiles/client.dir/src/add_two_ints_client.cpp.o[0m
[ 50%] [32mBuilding CXX object CMakeFiles/server.dir/src/add_two_ints_server.cpp.o[0m
[ 75%] [32m[1mLinking CXX executable server[0m
[ 75%] Built target server
[100%] [32m[1mLinking CXX executable client[0m
[100%] Built target client
-- Install configuration: ""
-- Installing: /home/wurc/ros2_ws/install/cpp_srvcli/lib/cpp_srvcli/server
-- Set non-toolchain portion of runtime path of "/home/wurc/ros2_ws/install/cpp_srvcli/lib/cpp_srvcli/server" to ""
-- Installing: /home/wurc/ros2_ws/install/cpp_srvcli/lib/cpp_srvcli/client
-- Set non-toolchain portion of runtime path of "/home/wurc/ros2_ws/install/cpp_srvcli/lib/cpp_srvcli/client" to ""
-- Up-to-date: /home/wurc/ros2_ws/install/cpp_srvcli/share/ament_index/resource_index/package_run_dependencies/cpp_srvcli
-- Up-to-date: /home/wurc/ros2_ws/install/cpp_srvcli/share/ament_index/resource_index/parent_prefix_path/cpp_srvcli
-- Up-to-date: /home/wurc/ros2_ws/install/cpp_srvcli/share/cpp_srvcli/environment/ament_prefix_path.sh
-- Up-to-date: /home/wurc/ros2_ws/install/cpp_srvcli/share/cpp_srvcli/environment/ament_prefix_path.dsv
-- Up-to-date: /home/wurc/ros2_ws/install/cpp_srvcli/share/cpp_srvcli/environment/path.sh
-- Up-to-date: /home/wurc/ros2_ws/install/cpp_srvcli/share/cpp_srvcli/environment/path.dsv
-- Up-to-date: /home/wurc/ros2_ws/install/cpp_srvcli/share/cpp_srvcli/local_setup.bash
-- Up-to-date: /home/wurc/ros2_ws/install/cpp_srvcli/share/cpp_srvcli/local_setup.sh
-- Up-to-date: /home/wurc/ros2_ws/install/cpp_srvcli/share/cpp_srvcli/local_setup.zsh
-- Up-to-date: /home/wurc/ros2_ws/install/cpp_srvcli/share/cpp_srvcli/local_setup.dsv
-- Installing: /home/wurc/ros2_ws/install/cpp_srvcli/share/cpp_srvcli/package.dsv
-- Up-to-date: /home/wurc/ros2_ws/install/cpp_srvcli/share/ament_index/resource_index/packages/cpp_srvcli
-- Up-to-date: /home/wurc/ros2_ws/install/cpp_srvcli/share/cpp_srvcli/cmake/cpp_srvcliConfig.cmake
-- Up-to-date: /home/wurc/ros2_ws/install/cpp_srvcli/share/cpp_srvcli/cmake/cpp_srvcliConfig-version.cmake
-- Up-to-date: /home/wurc/ros2_ws/install/cpp_srvcli/share/cpp_srvcli/package.xml
