[0.008s] Invoking command in '/home/wurc/ros2_ws/build/cpp_srvcli': CMAKE_PREFIX_PATH=${CMAKE_PREFIX_PATH}:/opt/ros/jazzy DEBUGINFOD_URLS=https://debuginfod.ubuntu.com /usr/bin/cmake --build /home/wurc/ros2_ws/build/cpp_srvcli -- -j16 -l16
[0.035s] -- Found ament_cmake: 2.5.4 (/opt/ros/jazzy/share/ament_cmake/cmake)
[0.198s] -- Found rclcpp: 28.1.10 (/opt/ros/jazzy/share/rclcpp/cmake)
[0.218s] -- Found rosidl_generator_c: 4.6.5 (/opt/ros/jazzy/share/rosidl_generator_c/cmake)
[0.224s] -- Found rosidl_generator_cpp: 4.6.5 (/opt/ros/jazzy/share/rosidl_generator_cpp/cmake)
[0.232s] -- Using all available rosidl_typesupport_c: rosidl_typesupport_fastrtps_c;rosidl_typesupport_introspection_c
[0.241s] -- Using all available rosidl_typesupport_cpp: rosidl_typesupport_fastrtps_cpp;rosidl_typesupport_introspection_cpp
[0.283s] -- Found rmw_implementation_cmake: 7.3.2 (/opt/ros/jazzy/share/rmw_implementation_cmake/cmake)
[0.284s] -- Found rmw_fastrtps_cpp: 8.4.2 (/opt/ros/jazzy/share/rmw_fastrtps_cpp/cmake)
[0.334s] -- Using RMW implementation 'rmw_fastrtps_cpp' as default
[0.377s] -- Found example_interfaces: 0.12.0 (/opt/ros/jazzy/share/example_interfaces/cmake)
[0.481s] -- Configuring done (0.4s)
[0.493s] -- Generating done (0.0s)
[0.496s] -- Build files have been written to: /home/wurc/ros2_ws/build/cpp_srvcli
[0.529s] [ 25%] [32mBuilding CXX object CMakeFiles/client.dir/src/add_two_ints_client.cpp.o[0m
[0.536s] [ 50%] [32mBuilding CXX object CMakeFiles/server.dir/src/add_two_ints_server.cpp.o[0m
[3.646s] [ 75%] [32m[1mLinking CXX executable server[0m
[3.759s] [ 75%] Built target server
[3.810s] [100%] [32m[1mLinking CXX executable client[0m
[3.930s] [100%] Built target client
[3.940s] Invoked command in '/home/wurc/ros2_ws/build/cpp_srvcli' returned '0': CMAKE_PREFIX_PATH=${CMAKE_PREFIX_PATH}:/opt/ros/jazzy DEBUGINFOD_URLS=https://debuginfod.ubuntu.com /usr/bin/cmake --build /home/wurc/ros2_ws/build/cpp_srvcli -- -j16 -l16
[3.948s] Invoking command in '/home/wurc/ros2_ws/build/cpp_srvcli': CMAKE_PREFIX_PATH=${CMAKE_PREFIX_PATH}:/opt/ros/jazzy DEBUGINFOD_URLS=https://debuginfod.ubuntu.com /usr/bin/cmake --install /home/wurc/ros2_ws/build/cpp_srvcli
[3.954s] -- Install configuration: ""
[3.954s] -- Installing: /home/wurc/ros2_ws/install/cpp_srvcli/lib/cpp_srvcli/server
[3.955s] -- Set non-toolchain portion of runtime path of "/home/wurc/ros2_ws/install/cpp_srvcli/lib/cpp_srvcli/server" to ""
[3.955s] -- Installing: /home/wurc/ros2_ws/install/cpp_srvcli/lib/cpp_srvcli/client
[3.956s] -- Set non-toolchain portion of runtime path of "/home/wurc/ros2_ws/install/cpp_srvcli/lib/cpp_srvcli/client" to ""
[3.956s] -- Up-to-date: /home/wurc/ros2_ws/install/cpp_srvcli/share/ament_index/resource_index/package_run_dependencies/cpp_srvcli
[3.956s] -- Up-to-date: /home/wurc/ros2_ws/install/cpp_srvcli/share/ament_index/resource_index/parent_prefix_path/cpp_srvcli
[3.957s] -- Up-to-date: /home/wurc/ros2_ws/install/cpp_srvcli/share/cpp_srvcli/environment/ament_prefix_path.sh
[3.957s] -- Up-to-date: /home/wurc/ros2_ws/install/cpp_srvcli/share/cpp_srvcli/environment/ament_prefix_path.dsv
[3.957s] -- Up-to-date: /home/wurc/ros2_ws/install/cpp_srvcli/share/cpp_srvcli/environment/path.sh
[3.957s] -- Up-to-date: /home/wurc/ros2_ws/install/cpp_srvcli/share/cpp_srvcli/environment/path.dsv
[3.957s] -- Up-to-date: /home/wurc/ros2_ws/install/cpp_srvcli/share/cpp_srvcli/local_setup.bash
[3.957s] -- Up-to-date: /home/wurc/ros2_ws/install/cpp_srvcli/share/cpp_srvcli/local_setup.sh
[3.957s] -- Up-to-date: /home/wurc/ros2_ws/install/cpp_srvcli/share/cpp_srvcli/local_setup.zsh
[3.957s] -- Up-to-date: /home/wurc/ros2_ws/install/cpp_srvcli/share/cpp_srvcli/local_setup.dsv
[3.957s] -- Installing: /home/wurc/ros2_ws/install/cpp_srvcli/share/cpp_srvcli/package.dsv
[3.957s] -- Up-to-date: /home/wurc/ros2_ws/install/cpp_srvcli/share/ament_index/resource_index/packages/cpp_srvcli
[3.957s] -- Up-to-date: /home/wurc/ros2_ws/install/cpp_srvcli/share/cpp_srvcli/cmake/cpp_srvcliConfig.cmake
[3.957s] -- Up-to-date: /home/wurc/ros2_ws/install/cpp_srvcli/share/cpp_srvcli/cmake/cpp_srvcliConfig-version.cmake
[3.957s] -- Up-to-date: /home/wurc/ros2_ws/install/cpp_srvcli/share/cpp_srvcli/package.xml
[3.958s] Invoked command in '/home/wurc/ros2_ws/build/cpp_srvcli' returned '0': CMAKE_PREFIX_PATH=${CMAKE_PREFIX_PATH}:/opt/ros/jazzy DEBUGINFOD_URLS=https://debuginfod.ubuntu.com /usr/bin/cmake --install /home/wurc/ros2_ws/build/cpp_srvcli
